<?xml version="1.0" encoding="UTF-8"?>
<robot generator="Robot 7.2.2 (Python 3.12.1 on win32)" generated="2025-05-19T17:29:18.919908" rpa="false" schemaversion="5">
<suite id="s1" name="Swakopmund Attractions" source="c:\Users\Henry\Documents\RobotFrameworkProject\Robotframework-Project\swakopmund_attractions.robot">
<test id="s1-t1" name="Extract Desert Explorers Adventure Centre Reviews From Google Maps" line="160">
<kw name="Set Variable" owner="BuiltIn">
<msg time="2025-05-19T17:29:20.332297" level="INFO">${DESERT_EXPLORERS_URL} = https://www.google.fi/maps/place/Desert+explorers+adventure+centre/@-22.685034,14.5265861,17z/data=!4m8!3m7!1s0x1c7658f2672cc215:0xddf0ca10c9d54b5e!8m2!3d-22.685034!4d14.529161!9m1!1b1!16s%2Fg%2F11c52...</msg>
<var>${DESERT_EXPLORERS_URL}</var>
<arg>https://www.google.fi/maps/place/Desert+explorers+adventure+centre/@-22.685034,14.5265861,17z/data=!4m8!3m7!1s0x1c7658f2672cc215:0xddf0ca10c9d54b5e!8m2!3d-22.685034!4d14.529161!9m1!1b1!16s%2Fg%2F11c52s_y2l?entry=ttu&amp;g_ep=EgoyMDI1MDUxNS4wIKXMDSoASAFQAw%3D%3D</arg>
<doc>Returns the given values which can then be assigned to a variables.</doc>
<status status="PASS" start="2025-05-19T17:29:20.331298" elapsed="0.004999"/>
</kw>
<kw name="Open Browser" owner="SeleniumLibrary">
<msg time="2025-05-19T17:29:20.347297" level="INFO">Opening browser 'Chrome' to base url 'https://www.google.fi/maps/place/Desert+explorers+adventure+centre/@-22.685034,14.5265861,17z/data=!4m8!3m7!1s0x1c7658f2672cc215:0xddf0ca10c9d54b5e!8m2!3d-22.685034!4d14.529161!9m1!1b1!16s%2Fg%2F11c52s_y2l?entry=ttu&amp;g_ep=EgoyMDI1MDUxNS4wIKXMDSoASAFQAw%3D%3D'.</msg>
<arg>${DESERT_EXPLORERS_URL}</arg>
<arg>${BROWSER}</arg>
<doc>Opens a new browser instance to the optional ``url``.</doc>
<status status="PASS" start="2025-05-19T17:29:20.345299" elapsed="6.770205"/>
</kw>
<kw name="Maximize Browser Window" owner="SeleniumLibrary">
<doc>Maximizes current browser window.</doc>
<status status="PASS" start="2025-05-19T17:29:27.120514" elapsed="0.321568"/>
</kw>
<kw name="Sleep" owner="BuiltIn">
<msg time="2025-05-19T17:29:32.455643" level="INFO">Slept 5 seconds.</msg>
<arg>5s</arg>
<doc>Pauses the test executed for the given time.</doc>
<status status="PASS" start="2025-05-19T17:29:27.455075" elapsed="5.000568"/>
</kw>
<kw name="Run Keyword And Ignore Error" owner="BuiltIn">
<kw name="Click Button" owner="SeleniumLibrary">
<msg time="2025-05-19T17:29:32.458404" level="INFO">Clicking button 'xpath=//button[.//div[contains(text(),'Hyväksy kaikki') or contains(text(),'Salli kaikki')]]'.</msg>
<msg time="2025-05-19T17:29:32.706401" level="INFO" html="true">&lt;/td&gt;&lt;/tr&gt;&lt;tr&gt;&lt;td colspan="3"&gt;&lt;a href="selenium-screenshot-1.png"&gt;&lt;img src="selenium-screenshot-1.png" width="800px"&gt;&lt;/a&gt;</msg>
<msg time="2025-05-19T17:29:32.706401" level="FAIL">Button with locator 'xpath=//button[.//div[contains(text(),'Hyväksy kaikki') or contains(text(),'Salli kaikki')]]' not found.</msg>
<arg>xpath=//button[.//div[contains(text(),'Hyväksy kaikki') or contains(text(),'Salli kaikki')]]</arg>
<doc>Clicks the button identified by ``locator``.</doc>
<status status="FAIL" start="2025-05-19T17:29:32.457403" elapsed="0.252998">Button with locator 'xpath=//button[.//div[contains(text(),'Hyväksy kaikki') or contains(text(),'Salli kaikki')]]' not found.</status>
</kw>
<arg>Click Button</arg>
<arg>xpath=//button[.//div[contains(text(),'Hyväksy kaikki') or contains(text(),'Salli kaikki')]]</arg>
<doc>Runs the given keyword with the given arguments and ignores possible error.</doc>
<status status="PASS" start="2025-05-19T17:29:32.457403" elapsed="0.252998"/>
</kw>
<kw name="Sleep" owner="BuiltIn">
<msg time="2025-05-19T17:29:34.712497" level="INFO">Slept 2 seconds.</msg>
<arg>2s</arg>
<doc>Pauses the test executed for the given time.</doc>
<status status="PASS" start="2025-05-19T17:29:32.712402" elapsed="2.000095"/>
</kw>
<kw name="Execute Javascript" owner="SeleniumLibrary">
<msg time="2025-05-19T17:29:34.718503" level="INFO">Executing JavaScript:
window.scrollBy(0, 800)
Without any arguments.</msg>
<arg>window.scrollBy(0, 800)</arg>
<doc>Executes the given JavaScript code with possible arguments.</doc>
<status status="PASS" start="2025-05-19T17:29:34.717501" elapsed="0.011998"/>
</kw>
<kw name="Sleep" owner="BuiltIn">
<msg time="2025-05-19T17:29:36.730049" level="INFO">Slept 2 seconds.</msg>
<arg>2s</arg>
<doc>Pauses the test executed for the given time.</doc>
<status status="PASS" start="2025-05-19T17:29:34.729499" elapsed="2.000550"/>
</kw>
<kw name="Run Keyword And Ignore Error" owner="BuiltIn">
<kw name="Click Element" owner="SeleniumLibrary">
<msg time="2025-05-19T17:29:36.733048" level="INFO">Clicking element 'xpath=//button[contains(@aria-label,'Lisää arvosteluja') or contains(text(),'Lisää arvosteluja') or contains(text(),'More reviews')]'.</msg>
<msg time="2025-05-19T17:29:36.945046" level="INFO" html="true">&lt;/td&gt;&lt;/tr&gt;&lt;tr&gt;&lt;td colspan="3"&gt;&lt;a href="selenium-screenshot-2.png"&gt;&lt;img src="selenium-screenshot-2.png" width="800px"&gt;&lt;/a&gt;</msg>
<msg time="2025-05-19T17:29:36.945046" level="FAIL">Element with locator 'xpath=//button[contains(@aria-label,'Lisää arvosteluja') or contains(text(),'Lisää arvosteluja') or contains(text(),'More reviews')]' not found.</msg>
<arg>xpath=//button[contains(@aria-label,'Lisää arvosteluja') or contains(text(),'Lisää arvosteluja') or contains(text(),'More reviews')]</arg>
<doc>Click the element identified by ``locator``.</doc>
<status status="FAIL" start="2025-05-19T17:29:36.733048" elapsed="0.213999">Element with locator 'xpath=//button[contains(@aria-label,'Lisää arvosteluja') or contains(text(),'Lisää arvosteluja') or contains(text(),'More reviews')]' not found.</status>
</kw>
<arg>Click Element</arg>
<arg>xpath=//button[contains(@aria-label,'Lisää arvosteluja') or contains(text(),'Lisää arvosteluja') or contains(text(),'More reviews')]</arg>
<doc>Runs the given keyword with the given arguments and ignores possible error.</doc>
<status status="PASS" start="2025-05-19T17:29:36.733048" elapsed="0.214999"/>
</kw>
<kw name="Sleep" owner="BuiltIn">
<msg time="2025-05-19T17:29:38.954948" level="INFO">Slept 2 seconds.</msg>
<arg>2s</arg>
<doc>Pauses the test executed for the given time.</doc>
<status status="PASS" start="2025-05-19T17:29:36.954048" elapsed="2.000900"/>
</kw>
<for flavor="IN RANGE">
<iter>
<kw name="Execute Javascript" owner="SeleniumLibrary">
<msg time="2025-05-19T17:29:38.957567" level="INFO">Executing JavaScript:
var el = document.evaluate('//*[@id="QA0Szd"]/div/div/div[1]/div[2]/div/div[1]/div/div/div[2]', document, null, XPathResult.FIRST_ORDERED_NODE_TYPE, null).singleNodeValue; if (el) { el.scrollBy(0, 2000); }
Without any arguments.</msg>
<arg>var el = document.evaluate('//*[@id="QA0Szd"]/div/div/div[1]/div[2]/div/div[1]/div/div/div[2]', document, null, XPathResult.FIRST_ORDERED_NODE_TYPE, null).singleNodeValue; if (el) { el.scrollBy(0, 2000); }</arg>
<doc>Executes the given JavaScript code with possible arguments.</doc>
<status status="PASS" start="2025-05-19T17:29:38.956568" elapsed="0.013999"/>
</kw>
<kw name="Sleep" owner="BuiltIn">
<msg time="2025-05-19T17:29:39.971975" level="INFO">Slept 1 second.</msg>
<arg>1s</arg>
<doc>Pauses the test executed for the given time.</doc>
<status status="PASS" start="2025-05-19T17:29:38.971566" elapsed="1.000409"/>
</kw>
<var name="${INDEX}">0</var>
<status status="PASS" start="2025-05-19T17:29:38.956568" elapsed="1.015407"/>
</iter>
<iter>
<kw name="Execute Javascript" owner="SeleniumLibrary">
<msg time="2025-05-19T17:29:39.972933" level="INFO">Executing JavaScript:
var el = document.evaluate('//*[@id="QA0Szd"]/div/div/div[1]/div[2]/div/div[1]/div/div/div[2]', document, null, XPathResult.FIRST_ORDERED_NODE_TYPE, null).singleNodeValue; if (el) { el.scrollBy(0, 2000); }
Without any arguments.</msg>
<arg>var el = document.evaluate('//*[@id="QA0Szd"]/div/div/div[1]/div[2]/div/div[1]/div/div/div[2]', document, null, XPathResult.FIRST_ORDERED_NODE_TYPE, null).singleNodeValue; if (el) { el.scrollBy(0, 2000); }</arg>
<doc>Executes the given JavaScript code with possible arguments.</doc>
<status status="PASS" start="2025-05-19T17:29:39.972933" elapsed="0.014002"/>
</kw>
<kw name="Sleep" owner="BuiltIn">
<msg time="2025-05-19T17:29:40.988322" level="INFO">Slept 1 second.</msg>
<arg>1s</arg>
<doc>Pauses the test executed for the given time.</doc>
<status status="PASS" start="2025-05-19T17:29:39.986935" elapsed="1.001387"/>
</kw>
<var name="${INDEX}">1</var>
<status status="PASS" start="2025-05-19T17:29:39.971975" elapsed="1.016347"/>
</iter>
<iter>
<kw name="Execute Javascript" owner="SeleniumLibrary">
<msg time="2025-05-19T17:29:40.989323" level="INFO">Executing JavaScript:
var el = document.evaluate('//*[@id="QA0Szd"]/div/div/div[1]/div[2]/div/div[1]/div/div/div[2]', document, null, XPathResult.FIRST_ORDERED_NODE_TYPE, null).singleNodeValue; if (el) { el.scrollBy(0, 2000); }
Without any arguments.</msg>
<arg>var el = document.evaluate('//*[@id="QA0Szd"]/div/div/div[1]/div[2]/div/div[1]/div/div/div[2]', document, null, XPathResult.FIRST_ORDERED_NODE_TYPE, null).singleNodeValue; if (el) { el.scrollBy(0, 2000); }</arg>
<doc>Executes the given JavaScript code with possible arguments.</doc>
<status status="PASS" start="2025-05-19T17:29:40.989323" elapsed="0.015000"/>
</kw>
<kw name="Sleep" owner="BuiltIn">
<msg time="2025-05-19T17:29:42.005223" level="INFO">Slept 1 second.</msg>
<arg>1s</arg>
<doc>Pauses the test executed for the given time.</doc>
<status status="PASS" start="2025-05-19T17:29:41.004323" elapsed="1.000900"/>
</kw>
<var name="${INDEX}">2</var>
<status status="PASS" start="2025-05-19T17:29:40.988322" elapsed="1.016901"/>
</iter>
<iter>
<kw name="Execute Javascript" owner="SeleniumLibrary">
<msg time="2025-05-19T17:29:42.006224" level="INFO">Executing JavaScript:
var el = document.evaluate('//*[@id="QA0Szd"]/div/div/div[1]/div[2]/div/div[1]/div/div/div[2]', document, null, XPathResult.FIRST_ORDERED_NODE_TYPE, null).singleNodeValue; if (el) { el.scrollBy(0, 2000); }
Without any arguments.</msg>
<arg>var el = document.evaluate('//*[@id="QA0Szd"]/div/div/div[1]/div[2]/div/div[1]/div/div/div[2]', document, null, XPathResult.FIRST_ORDERED_NODE_TYPE, null).singleNodeValue; if (el) { el.scrollBy(0, 2000); }</arg>
<doc>Executes the given JavaScript code with possible arguments.</doc>
<status status="PASS" start="2025-05-19T17:29:42.006224" elapsed="0.019000"/>
</kw>
<kw name="Sleep" owner="BuiltIn">
<msg time="2025-05-19T17:29:43.026567" level="INFO">Slept 1 second.</msg>
<arg>1s</arg>
<doc>Pauses the test executed for the given time.</doc>
<status status="PASS" start="2025-05-19T17:29:42.026231" elapsed="1.000336"/>
</kw>
<var name="${INDEX}">3</var>
<status status="PASS" start="2025-05-19T17:29:42.005223" elapsed="1.021344"/>
</iter>
<iter>
<kw name="Execute Javascript" owner="SeleniumLibrary">
<msg time="2025-05-19T17:29:43.028569" level="INFO">Executing JavaScript:
var el = document.evaluate('//*[@id="QA0Szd"]/div/div/div[1]/div[2]/div/div[1]/div/div/div[2]', document, null, XPathResult.FIRST_ORDERED_NODE_TYPE, null).singleNodeValue; if (el) { el.scrollBy(0, 2000); }
Without any arguments.</msg>
<arg>var el = document.evaluate('//*[@id="QA0Szd"]/div/div/div[1]/div[2]/div/div[1]/div/div/div[2]', document, null, XPathResult.FIRST_ORDERED_NODE_TYPE, null).singleNodeValue; if (el) { el.scrollBy(0, 2000); }</arg>
<doc>Executes the given JavaScript code with possible arguments.</doc>
<status status="PASS" start="2025-05-19T17:29:43.027567" elapsed="0.012999"/>
</kw>
<kw name="Sleep" owner="BuiltIn">
<msg time="2025-05-19T17:29:44.041648" level="INFO">Slept 1 second.</msg>
<arg>1s</arg>
<doc>Pauses the test executed for the given time.</doc>
<status status="PASS" start="2025-05-19T17:29:43.040566" elapsed="1.001082"/>
</kw>
<var name="${INDEX}">4</var>
<status status="PASS" start="2025-05-19T17:29:43.026567" elapsed="1.015081"/>
</iter>
<iter>
<kw name="Execute Javascript" owner="SeleniumLibrary">
<msg time="2025-05-19T17:29:44.043433" level="INFO">Executing JavaScript:
var el = document.evaluate('//*[@id="QA0Szd"]/div/div/div[1]/div[2]/div/div[1]/div/div/div[2]', document, null, XPathResult.FIRST_ORDERED_NODE_TYPE, null).singleNodeValue; if (el) { el.scrollBy(0, 2000); }
Without any arguments.</msg>
<arg>var el = document.evaluate('//*[@id="QA0Szd"]/div/div/div[1]/div[2]/div/div[1]/div/div/div[2]', document, null, XPathResult.FIRST_ORDERED_NODE_TYPE, null).singleNodeValue; if (el) { el.scrollBy(0, 2000); }</arg>
<doc>Executes the given JavaScript code with possible arguments.</doc>
<status status="PASS" start="2025-05-19T17:29:44.042436" elapsed="0.012958"/>
</kw>
<kw name="Sleep" owner="BuiltIn">
<msg time="2025-05-19T17:29:45.057398" level="INFO">Slept 1 second.</msg>
<arg>1s</arg>
<doc>Pauses the test executed for the given time.</doc>
<status status="PASS" start="2025-05-19T17:29:44.056397" elapsed="1.001001"/>
</kw>
<var name="${INDEX}">5</var>
<status status="PASS" start="2025-05-19T17:29:44.042436" elapsed="1.014962"/>
</iter>
<iter>
<kw name="Execute Javascript" owner="SeleniumLibrary">
<msg time="2025-05-19T17:29:45.058397" level="INFO">Executing JavaScript:
var el = document.evaluate('//*[@id="QA0Szd"]/div/div/div[1]/div[2]/div/div[1]/div/div/div[2]', document, null, XPathResult.FIRST_ORDERED_NODE_TYPE, null).singleNodeValue; if (el) { el.scrollBy(0, 2000); }
Without any arguments.</msg>
<arg>var el = document.evaluate('//*[@id="QA0Szd"]/div/div/div[1]/div[2]/div/div[1]/div/div/div[2]', document, null, XPathResult.FIRST_ORDERED_NODE_TYPE, null).singleNodeValue; if (el) { el.scrollBy(0, 2000); }</arg>
<doc>Executes the given JavaScript code with possible arguments.</doc>
<status status="PASS" start="2025-05-19T17:29:45.058397" elapsed="0.015001"/>
</kw>
<kw name="Sleep" owner="BuiltIn">
<msg time="2025-05-19T17:29:46.074040" level="INFO">Slept 1 second.</msg>
<arg>1s</arg>
<doc>Pauses the test executed for the given time.</doc>
<status status="PASS" start="2025-05-19T17:29:45.073398" elapsed="1.000642"/>
</kw>
<var name="${INDEX}">6</var>
<status status="PASS" start="2025-05-19T17:29:45.057398" elapsed="1.016642"/>
</iter>
<iter>
<kw name="Execute Javascript" owner="SeleniumLibrary">
<msg time="2025-05-19T17:29:46.075447" level="INFO">Executing JavaScript:
var el = document.evaluate('//*[@id="QA0Szd"]/div/div/div[1]/div[2]/div/div[1]/div/div/div[2]', document, null, XPathResult.FIRST_ORDERED_NODE_TYPE, null).singleNodeValue; if (el) { el.scrollBy(0, 2000); }
Without any arguments.</msg>
<arg>var el = document.evaluate('//*[@id="QA0Szd"]/div/div/div[1]/div[2]/div/div[1]/div/div/div[2]', document, null, XPathResult.FIRST_ORDERED_NODE_TYPE, null).singleNodeValue; if (el) { el.scrollBy(0, 2000); }</arg>
<doc>Executes the given JavaScript code with possible arguments.</doc>
<status status="PASS" start="2025-05-19T17:29:46.074822" elapsed="0.012557"/>
</kw>
<kw name="Sleep" owner="BuiltIn">
<msg time="2025-05-19T17:29:47.087706" level="INFO">Slept 1 second.</msg>
<arg>1s</arg>
<doc>Pauses the test executed for the given time.</doc>
<status status="PASS" start="2025-05-19T17:29:46.087379" elapsed="1.000327"/>
</kw>
<var name="${INDEX}">7</var>
<status status="PASS" start="2025-05-19T17:29:46.074822" elapsed="1.012884"/>
</iter>
<iter>
<kw name="Execute Javascript" owner="SeleniumLibrary">
<msg time="2025-05-19T17:29:47.088702" level="INFO">Executing JavaScript:
var el = document.evaluate('//*[@id="QA0Szd"]/div/div/div[1]/div[2]/div/div[1]/div/div/div[2]', document, null, XPathResult.FIRST_ORDERED_NODE_TYPE, null).singleNodeValue; if (el) { el.scrollBy(0, 2000); }
Without any arguments.</msg>
<arg>var el = document.evaluate('//*[@id="QA0Szd"]/div/div/div[1]/div[2]/div/div[1]/div/div/div[2]', document, null, XPathResult.FIRST_ORDERED_NODE_TYPE, null).singleNodeValue; if (el) { el.scrollBy(0, 2000); }</arg>
<doc>Executes the given JavaScript code with possible arguments.</doc>
<status status="PASS" start="2025-05-19T17:29:47.088702" elapsed="0.013000"/>
</kw>
<kw name="Sleep" owner="BuiltIn">
<msg time="2025-05-19T17:29:48.102740" level="INFO">Slept 1 second.</msg>
<arg>1s</arg>
<doc>Pauses the test executed for the given time.</doc>
<status status="PASS" start="2025-05-19T17:29:47.101702" elapsed="1.001038"/>
</kw>
<var name="${INDEX}">8</var>
<status status="PASS" start="2025-05-19T17:29:47.087706" elapsed="1.015034"/>
</iter>
<iter>
<kw name="Execute Javascript" owner="SeleniumLibrary">
<msg time="2025-05-19T17:29:48.103783" level="INFO">Executing JavaScript:
var el = document.evaluate('//*[@id="QA0Szd"]/div/div/div[1]/div[2]/div/div[1]/div/div/div[2]', document, null, XPathResult.FIRST_ORDERED_NODE_TYPE, null).singleNodeValue; if (el) { el.scrollBy(0, 2000); }
Without any arguments.</msg>
<arg>var el = document.evaluate('//*[@id="QA0Szd"]/div/div/div[1]/div[2]/div/div[1]/div/div/div[2]', document, null, XPathResult.FIRST_ORDERED_NODE_TYPE, null).singleNodeValue; if (el) { el.scrollBy(0, 2000); }</arg>
<doc>Executes the given JavaScript code with possible arguments.</doc>
<status status="PASS" start="2025-05-19T17:29:48.103783" elapsed="0.027960"/>
</kw>
<kw name="Sleep" owner="BuiltIn">
<msg time="2025-05-19T17:29:49.133733" level="INFO">Slept 1 second.</msg>
<arg>1s</arg>
<doc>Pauses the test executed for the given time.</doc>
<status status="PASS" start="2025-05-19T17:29:48.132740" elapsed="1.000993"/>
</kw>
<var name="${INDEX}">9</var>
<status status="PASS" start="2025-05-19T17:29:48.102740" elapsed="1.030993"/>
</iter>
<iter>
<kw name="Execute Javascript" owner="SeleniumLibrary">
<msg time="2025-05-19T17:29:49.135549" level="INFO">Executing JavaScript:
var el = document.evaluate('//*[@id="QA0Szd"]/div/div/div[1]/div[2]/div/div[1]/div/div/div[2]', document, null, XPathResult.FIRST_ORDERED_NODE_TYPE, null).singleNodeValue; if (el) { el.scrollBy(0, 2000); }
Without any arguments.</msg>
<arg>var el = document.evaluate('//*[@id="QA0Szd"]/div/div/div[1]/div[2]/div/div[1]/div/div/div[2]', document, null, XPathResult.FIRST_ORDERED_NODE_TYPE, null).singleNodeValue; if (el) { el.scrollBy(0, 2000); }</arg>
<doc>Executes the given JavaScript code with possible arguments.</doc>
<status status="PASS" start="2025-05-19T17:29:49.134551" elapsed="0.013957"/>
</kw>
<kw name="Sleep" owner="BuiltIn">
<msg time="2025-05-19T17:29:50.149990" level="INFO">Slept 1 second.</msg>
<arg>1s</arg>
<doc>Pauses the test executed for the given time.</doc>
<status status="PASS" start="2025-05-19T17:29:49.148508" elapsed="1.001482"/>
</kw>
<var name="${INDEX}">10</var>
<status status="PASS" start="2025-05-19T17:29:49.134551" elapsed="1.015439"/>
</iter>
<iter>
<kw name="Execute Javascript" owner="SeleniumLibrary">
<msg time="2025-05-19T17:29:50.150988" level="INFO">Executing JavaScript:
var el = document.evaluate('//*[@id="QA0Szd"]/div/div/div[1]/div[2]/div/div[1]/div/div/div[2]', document, null, XPathResult.FIRST_ORDERED_NODE_TYPE, null).singleNodeValue; if (el) { el.scrollBy(0, 2000); }
Without any arguments.</msg>
<arg>var el = document.evaluate('//*[@id="QA0Szd"]/div/div/div[1]/div[2]/div/div[1]/div/div/div[2]', document, null, XPathResult.FIRST_ORDERED_NODE_TYPE, null).singleNodeValue; if (el) { el.scrollBy(0, 2000); }</arg>
<doc>Executes the given JavaScript code with possible arguments.</doc>
<status status="PASS" start="2025-05-19T17:29:50.150988" elapsed="0.014996"/>
</kw>
<kw name="Sleep" owner="BuiltIn">
<msg time="2025-05-19T17:29:51.167219" level="INFO">Slept 1 second.</msg>
<arg>1s</arg>
<doc>Pauses the test executed for the given time.</doc>
<status status="PASS" start="2025-05-19T17:29:50.165984" elapsed="1.001235"/>
</kw>
<var name="${INDEX}">11</var>
<status status="PASS" start="2025-05-19T17:29:50.149990" elapsed="1.017229"/>
</iter>
<iter>
<kw name="Execute Javascript" owner="SeleniumLibrary">
<msg time="2025-05-19T17:29:51.168214" level="INFO">Executing JavaScript:
var el = document.evaluate('//*[@id="QA0Szd"]/div/div/div[1]/div[2]/div/div[1]/div/div/div[2]', document, null, XPathResult.FIRST_ORDERED_NODE_TYPE, null).singleNodeValue; if (el) { el.scrollBy(0, 2000); }
Without any arguments.</msg>
<arg>var el = document.evaluate('//*[@id="QA0Szd"]/div/div/div[1]/div[2]/div/div[1]/div/div/div[2]', document, null, XPathResult.FIRST_ORDERED_NODE_TYPE, null).singleNodeValue; if (el) { el.scrollBy(0, 2000); }</arg>
<doc>Executes the given JavaScript code with possible arguments.</doc>
<status status="PASS" start="2025-05-19T17:29:51.168214" elapsed="0.020001"/>
</kw>
<kw name="Sleep" owner="BuiltIn">
<msg time="2025-05-19T17:29:52.189436" level="INFO">Slept 1 second.</msg>
<arg>1s</arg>
<doc>Pauses the test executed for the given time.</doc>
<status status="PASS" start="2025-05-19T17:29:51.188215" elapsed="1.001221"/>
</kw>
<var name="${INDEX}">12</var>
<status status="PASS" start="2025-05-19T17:29:51.167219" elapsed="1.022217"/>
</iter>
<iter>
<kw name="Execute Javascript" owner="SeleniumLibrary">
<msg time="2025-05-19T17:29:52.191320" level="INFO">Executing JavaScript:
var el = document.evaluate('//*[@id="QA0Szd"]/div/div/div[1]/div[2]/div/div[1]/div/div/div[2]', document, null, XPathResult.FIRST_ORDERED_NODE_TYPE, null).singleNodeValue; if (el) { el.scrollBy(0, 2000); }
Without any arguments.</msg>
<arg>var el = document.evaluate('//*[@id="QA0Szd"]/div/div/div[1]/div[2]/div/div[1]/div/div/div[2]', document, null, XPathResult.FIRST_ORDERED_NODE_TYPE, null).singleNodeValue; if (el) { el.scrollBy(0, 2000); }</arg>
<doc>Executes the given JavaScript code with possible arguments.</doc>
<status status="PASS" start="2025-05-19T17:29:52.190318" elapsed="0.013999"/>
</kw>
<kw name="Sleep" owner="BuiltIn">
<msg time="2025-05-19T17:29:53.204819" level="INFO">Slept 1 second.</msg>
<arg>1s</arg>
<doc>Pauses the test executed for the given time.</doc>
<status status="PASS" start="2025-05-19T17:29:52.204317" elapsed="1.000502"/>
</kw>
<var name="${INDEX}">13</var>
<status status="PASS" start="2025-05-19T17:29:52.189436" elapsed="1.015383"/>
</iter>
<iter>
<kw name="Execute Javascript" owner="SeleniumLibrary">
<msg time="2025-05-19T17:29:53.206625" level="INFO">Executing JavaScript:
var el = document.evaluate('//*[@id="QA0Szd"]/div/div/div[1]/div[2]/div/div[1]/div/div/div[2]', document, null, XPathResult.FIRST_ORDERED_NODE_TYPE, null).singleNodeValue; if (el) { el.scrollBy(0, 2000); }
Without any arguments.</msg>
<arg>var el = document.evaluate('//*[@id="QA0Szd"]/div/div/div[1]/div[2]/div/div[1]/div/div/div[2]', document, null, XPathResult.FIRST_ORDERED_NODE_TYPE, null).singleNodeValue; if (el) { el.scrollBy(0, 2000); }</arg>
<doc>Executes the given JavaScript code with possible arguments.</doc>
<status status="PASS" start="2025-05-19T17:29:53.205632" elapsed="0.014993"/>
</kw>
<kw name="Sleep" owner="BuiltIn">
<msg time="2025-05-19T17:29:54.222103" level="INFO">Slept 1 second.</msg>
<arg>1s</arg>
<doc>Pauses the test executed for the given time.</doc>
<status status="PASS" start="2025-05-19T17:29:53.221624" elapsed="1.000479"/>
</kw>
<var name="${INDEX}">14</var>
<status status="PASS" start="2025-05-19T17:29:53.205632" elapsed="1.016471"/>
</iter>
<iter>
<kw name="Execute Javascript" owner="SeleniumLibrary">
<msg time="2025-05-19T17:29:54.224100" level="INFO">Executing JavaScript:
var el = document.evaluate('//*[@id="QA0Szd"]/div/div/div[1]/div[2]/div/div[1]/div/div/div[2]', document, null, XPathResult.FIRST_ORDERED_NODE_TYPE, null).singleNodeValue; if (el) { el.scrollBy(0, 2000); }
Without any arguments.</msg>
<arg>var el = document.evaluate('//*[@id="QA0Szd"]/div/div/div[1]/div[2]/div/div[1]/div/div/div[2]', document, null, XPathResult.FIRST_ORDERED_NODE_TYPE, null).singleNodeValue; if (el) { el.scrollBy(0, 2000); }</arg>
<doc>Executes the given JavaScript code with possible arguments.</doc>
<status status="PASS" start="2025-05-19T17:29:54.223101" elapsed="0.043516"/>
</kw>
<kw name="Sleep" owner="BuiltIn">
<msg time="2025-05-19T17:29:55.268003" level="INFO">Slept 1 second.</msg>
<arg>1s</arg>
<doc>Pauses the test executed for the given time.</doc>
<status status="PASS" start="2025-05-19T17:29:54.266617" elapsed="1.001386"/>
</kw>
<var name="${INDEX}">15</var>
<status status="PASS" start="2025-05-19T17:29:54.223101" elapsed="1.044902"/>
</iter>
<iter>
<kw name="Execute Javascript" owner="SeleniumLibrary">
<msg time="2025-05-19T17:29:55.268997" level="INFO">Executing JavaScript:
var el = document.evaluate('//*[@id="QA0Szd"]/div/div/div[1]/div[2]/div/div[1]/div/div/div[2]', document, null, XPathResult.FIRST_ORDERED_NODE_TYPE, null).singleNodeValue; if (el) { el.scrollBy(0, 2000); }
Without any arguments.</msg>
<arg>var el = document.evaluate('//*[@id="QA0Szd"]/div/div/div[1]/div[2]/div/div[1]/div/div/div[2]', document, null, XPathResult.FIRST_ORDERED_NODE_TYPE, null).singleNodeValue; if (el) { el.scrollBy(0, 2000); }</arg>
<doc>Executes the given JavaScript code with possible arguments.</doc>
<status status="PASS" start="2025-05-19T17:29:55.268997" elapsed="0.014999"/>
</kw>
<kw name="Sleep" owner="BuiltIn">
<msg time="2025-05-19T17:29:56.285369" level="INFO">Slept 1 second.</msg>
<arg>1s</arg>
<doc>Pauses the test executed for the given time.</doc>
<status status="PASS" start="2025-05-19T17:29:55.283996" elapsed="1.001373"/>
</kw>
<var name="${INDEX}">16</var>
<status status="PASS" start="2025-05-19T17:29:55.268997" elapsed="1.016372"/>
</iter>
<iter>
<kw name="Execute Javascript" owner="SeleniumLibrary">
<msg time="2025-05-19T17:29:56.287131" level="INFO">Executing JavaScript:
var el = document.evaluate('//*[@id="QA0Szd"]/div/div/div[1]/div[2]/div/div[1]/div/div/div[2]', document, null, XPathResult.FIRST_ORDERED_NODE_TYPE, null).singleNodeValue; if (el) { el.scrollBy(0, 2000); }
Without any arguments.</msg>
<arg>var el = document.evaluate('//*[@id="QA0Szd"]/div/div/div[1]/div[2]/div/div[1]/div/div/div[2]', document, null, XPathResult.FIRST_ORDERED_NODE_TYPE, null).singleNodeValue; if (el) { el.scrollBy(0, 2000); }</arg>
<doc>Executes the given JavaScript code with possible arguments.</doc>
<status status="PASS" start="2025-05-19T17:29:56.286175" elapsed="0.014958"/>
</kw>
<kw name="Sleep" owner="BuiltIn">
<msg time="2025-05-19T17:29:57.303059" level="INFO">Slept 1 second.</msg>
<arg>1s</arg>
<doc>Pauses the test executed for the given time.</doc>
<status status="PASS" start="2025-05-19T17:29:56.301133" elapsed="1.001926"/>
</kw>
<var name="${INDEX}">17</var>
<status status="PASS" start="2025-05-19T17:29:56.286175" elapsed="1.016884"/>
</iter>
<iter>
<kw name="Execute Javascript" owner="SeleniumLibrary">
<msg time="2025-05-19T17:29:57.305053" level="INFO">Executing JavaScript:
var el = document.evaluate('//*[@id="QA0Szd"]/div/div/div[1]/div[2]/div/div[1]/div/div/div[2]', document, null, XPathResult.FIRST_ORDERED_NODE_TYPE, null).singleNodeValue; if (el) { el.scrollBy(0, 2000); }
Without any arguments.</msg>
<arg>var el = document.evaluate('//*[@id="QA0Szd"]/div/div/div[1]/div[2]/div/div[1]/div/div/div[2]', document, null, XPathResult.FIRST_ORDERED_NODE_TYPE, null).singleNodeValue; if (el) { el.scrollBy(0, 2000); }</arg>
<doc>Executes the given JavaScript code with possible arguments.</doc>
<status status="PASS" start="2025-05-19T17:29:57.304053" elapsed="0.015998"/>
</kw>
<kw name="Sleep" owner="BuiltIn">
<msg time="2025-05-19T17:29:58.322975" level="INFO">Slept 1 second.</msg>
<arg>1s</arg>
<doc>Pauses the test executed for the given time.</doc>
<status status="PASS" start="2025-05-19T17:29:57.320051" elapsed="1.002924"/>
</kw>
<var name="${INDEX}">18</var>
<status status="PASS" start="2025-05-19T17:29:57.303059" elapsed="1.019916"/>
</iter>
<iter>
<kw name="Execute Javascript" owner="SeleniumLibrary">
<msg time="2025-05-19T17:29:58.324799" level="INFO">Executing JavaScript:
var el = document.evaluate('//*[@id="QA0Szd"]/div/div/div[1]/div[2]/div/div[1]/div/div/div[2]', document, null, XPathResult.FIRST_ORDERED_NODE_TYPE, null).singleNodeValue; if (el) { el.scrollBy(0, 2000); }
Without any arguments.</msg>
<arg>var el = document.evaluate('//*[@id="QA0Szd"]/div/div/div[1]/div[2]/div/div[1]/div/div/div[2]', document, null, XPathResult.FIRST_ORDERED_NODE_TYPE, null).singleNodeValue; if (el) { el.scrollBy(0, 2000); }</arg>
<doc>Executes the given JavaScript code with possible arguments.</doc>
<status status="PASS" start="2025-05-19T17:29:58.323803" elapsed="0.015956"/>
</kw>
<kw name="Sleep" owner="BuiltIn">
<msg time="2025-05-19T17:29:59.341036" level="INFO">Slept 1 second.</msg>
<arg>1s</arg>
<doc>Pauses the test executed for the given time.</doc>
<status status="PASS" start="2025-05-19T17:29:58.340761" elapsed="1.000275"/>
</kw>
<var name="${INDEX}">19</var>
<status status="PASS" start="2025-05-19T17:29:58.323803" elapsed="1.017233"/>
</iter>
<iter>
<kw name="Execute Javascript" owner="SeleniumLibrary">
<msg time="2025-05-19T17:29:59.342844" level="INFO">Executing JavaScript:
var el = document.evaluate('//*[@id="QA0Szd"]/div/div/div[1]/div[2]/div/div[1]/div/div/div[2]', document, null, XPathResult.FIRST_ORDERED_NODE_TYPE, null).singleNodeValue; if (el) { el.scrollBy(0, 2000); }
Without any arguments.</msg>
<arg>var el = document.evaluate('//*[@id="QA0Szd"]/div/div/div[1]/div[2]/div/div[1]/div/div/div[2]', document, null, XPathResult.FIRST_ORDERED_NODE_TYPE, null).singleNodeValue; if (el) { el.scrollBy(0, 2000); }</arg>
<doc>Executes the given JavaScript code with possible arguments.</doc>
<status status="PASS" start="2025-05-19T17:29:59.341849" elapsed="0.016958"/>
</kw>
<kw name="Sleep" owner="BuiltIn">
<msg time="2025-05-19T17:30:00.360562" level="INFO">Slept 1 second.</msg>
<arg>1s</arg>
<doc>Pauses the test executed for the given time.</doc>
<status status="PASS" start="2025-05-19T17:29:59.358807" elapsed="1.001755"/>
</kw>
<var name="${INDEX}">20</var>
<status status="PASS" start="2025-05-19T17:29:59.341849" elapsed="1.018713"/>
</iter>
<iter>
<kw name="Execute Javascript" owner="SeleniumLibrary">
<msg time="2025-05-19T17:30:00.361565" level="INFO">Executing JavaScript:
var el = document.evaluate('//*[@id="QA0Szd"]/div/div/div[1]/div[2]/div/div[1]/div/div/div[2]', document, null, XPathResult.FIRST_ORDERED_NODE_TYPE, null).singleNodeValue; if (el) { el.scrollBy(0, 2000); }
Without any arguments.</msg>
<arg>var el = document.evaluate('//*[@id="QA0Szd"]/div/div/div[1]/div[2]/div/div[1]/div/div/div[2]', document, null, XPathResult.FIRST_ORDERED_NODE_TYPE, null).singleNodeValue; if (el) { el.scrollBy(0, 2000); }</arg>
<doc>Executes the given JavaScript code with possible arguments.</doc>
<status status="PASS" start="2025-05-19T17:30:00.361565" elapsed="0.038997"/>
</kw>
<kw name="Sleep" owner="BuiltIn">
<msg time="2025-05-19T17:30:01.402224" level="INFO">Slept 1 second.</msg>
<arg>1s</arg>
<doc>Pauses the test executed for the given time.</doc>
<status status="PASS" start="2025-05-19T17:30:00.400562" elapsed="1.001662"/>
</kw>
<var name="${INDEX}">21</var>
<status status="PASS" start="2025-05-19T17:30:00.360562" elapsed="1.041662"/>
</iter>
<iter>
<kw name="Execute Javascript" owner="SeleniumLibrary">
<msg time="2025-05-19T17:30:01.403983" level="INFO">Executing JavaScript:
var el = document.evaluate('//*[@id="QA0Szd"]/div/div/div[1]/div[2]/div/div[1]/div/div/div[2]', document, null, XPathResult.FIRST_ORDERED_NODE_TYPE, null).singleNodeValue; if (el) { el.scrollBy(0, 2000); }
Without any arguments.</msg>
<arg>var el = document.evaluate('//*[@id="QA0Szd"]/div/div/div[1]/div[2]/div/div[1]/div/div/div[2]', document, null, XPathResult.FIRST_ORDERED_NODE_TYPE, null).singleNodeValue; if (el) { el.scrollBy(0, 2000); }</arg>
<doc>Executes the given JavaScript code with possible arguments.</doc>
<status status="PASS" start="2025-05-19T17:30:01.402981" elapsed="0.014999"/>
</kw>
<kw name="Sleep" owner="BuiltIn">
<msg time="2025-05-19T17:30:02.419556" level="INFO">Slept 1 second.</msg>
<arg>1s</arg>
<doc>Pauses the test executed for the given time.</doc>
<status status="PASS" start="2025-05-19T17:30:01.417980" elapsed="1.001576"/>
</kw>
<var name="${INDEX}">22</var>
<status status="PASS" start="2025-05-19T17:30:01.402981" elapsed="1.016575"/>
</iter>
<iter>
<kw name="Execute Javascript" owner="SeleniumLibrary">
<msg time="2025-05-19T17:30:02.421558" level="INFO">Executing JavaScript:
var el = document.evaluate('//*[@id="QA0Szd"]/div/div/div[1]/div[2]/div/div[1]/div/div/div[2]', document, null, XPathResult.FIRST_ORDERED_NODE_TYPE, null).singleNodeValue; if (el) { el.scrollBy(0, 2000); }
Without any arguments.</msg>
<arg>var el = document.evaluate('//*[@id="QA0Szd"]/div/div/div[1]/div[2]/div/div[1]/div/div/div[2]', document, null, XPathResult.FIRST_ORDERED_NODE_TYPE, null).singleNodeValue; if (el) { el.scrollBy(0, 2000); }</arg>
<doc>Executes the given JavaScript code with possible arguments.</doc>
<status status="PASS" start="2025-05-19T17:30:02.420555" elapsed="0.015016"/>
</kw>
<kw name="Sleep" owner="BuiltIn">
<msg time="2025-05-19T17:30:03.436801" level="INFO">Slept 1 second.</msg>
<arg>1s</arg>
<doc>Pauses the test executed for the given time.</doc>
<status status="PASS" start="2025-05-19T17:30:02.436556" elapsed="1.000245"/>
</kw>
<var name="${INDEX}">23</var>
<status status="PASS" start="2025-05-19T17:30:02.420555" elapsed="1.016246"/>
</iter>
<iter>
<kw name="Execute Javascript" owner="SeleniumLibrary">
<msg time="2025-05-19T17:30:03.438819" level="INFO">Executing JavaScript:
var el = document.evaluate('//*[@id="QA0Szd"]/div/div/div[1]/div[2]/div/div[1]/div/div/div[2]', document, null, XPathResult.FIRST_ORDERED_NODE_TYPE, null).singleNodeValue; if (el) { el.scrollBy(0, 2000); }
Without any arguments.</msg>
<arg>var el = document.evaluate('//*[@id="QA0Szd"]/div/div/div[1]/div[2]/div/div[1]/div/div/div[2]', document, null, XPathResult.FIRST_ORDERED_NODE_TYPE, null).singleNodeValue; if (el) { el.scrollBy(0, 2000); }</arg>
<doc>Executes the given JavaScript code with possible arguments.</doc>
<status status="PASS" start="2025-05-19T17:30:03.437834" elapsed="0.021965"/>
</kw>
<kw name="Sleep" owner="BuiltIn">
<msg time="2025-05-19T17:30:04.461555" level="INFO">Slept 1 second.</msg>
<arg>1s</arg>
<doc>Pauses the test executed for the given time.</doc>
<status status="PASS" start="2025-05-19T17:30:03.460798" elapsed="1.000757"/>
</kw>
<var name="${INDEX}">24</var>
<status status="PASS" start="2025-05-19T17:30:03.436801" elapsed="1.024754"/>
</iter>
<iter>
<kw name="Execute Javascript" owner="SeleniumLibrary">
<msg time="2025-05-19T17:30:04.462554" level="INFO">Executing JavaScript:
var el = document.evaluate('//*[@id="QA0Szd"]/div/div/div[1]/div[2]/div/div[1]/div/div/div[2]', document, null, XPathResult.FIRST_ORDERED_NODE_TYPE, null).singleNodeValue; if (el) { el.scrollBy(0, 2000); }
Without any arguments.</msg>
<arg>var el = document.evaluate('//*[@id="QA0Szd"]/div/div/div[1]/div[2]/div/div[1]/div/div/div[2]', document, null, XPathResult.FIRST_ORDERED_NODE_TYPE, null).singleNodeValue; if (el) { el.scrollBy(0, 2000); }</arg>
<doc>Executes the given JavaScript code with possible arguments.</doc>
<status status="PASS" start="2025-05-19T17:30:04.461555" elapsed="0.014996"/>
</kw>
<kw name="Sleep" owner="BuiltIn">
<msg time="2025-05-19T17:30:05.478767" level="INFO">Slept 1 second.</msg>
<arg>1s</arg>
<doc>Pauses the test executed for the given time.</doc>
<status status="PASS" start="2025-05-19T17:30:04.477565" elapsed="1.001202"/>
</kw>
<var name="${INDEX}">25</var>
<status status="PASS" start="2025-05-19T17:30:04.461555" elapsed="1.017212"/>
</iter>
<iter>
<kw name="Execute Javascript" owner="SeleniumLibrary">
<msg time="2025-05-19T17:30:05.480581" level="INFO">Executing JavaScript:
var el = document.evaluate('//*[@id="QA0Szd"]/div/div/div[1]/div[2]/div/div[1]/div/div/div[2]', document, null, XPathResult.FIRST_ORDERED_NODE_TYPE, null).singleNodeValue; if (el) { el.scrollBy(0, 2000); }
Without any arguments.</msg>
<arg>var el = document.evaluate('//*[@id="QA0Szd"]/div/div/div[1]/div[2]/div/div[1]/div/div/div[2]', document, null, XPathResult.FIRST_ORDERED_NODE_TYPE, null).singleNodeValue; if (el) { el.scrollBy(0, 2000); }</arg>
<doc>Executes the given JavaScript code with possible arguments.</doc>
<status status="PASS" start="2025-05-19T17:30:05.479586" elapsed="0.014955"/>
</kw>
<kw name="Sleep" owner="BuiltIn">
<msg time="2025-05-19T17:30:06.496679" level="INFO">Slept 1 second.</msg>
<arg>1s</arg>
<doc>Pauses the test executed for the given time.</doc>
<status status="PASS" start="2025-05-19T17:30:05.495545" elapsed="1.001640"/>
</kw>
<var name="${INDEX}">26</var>
<status status="PASS" start="2025-05-19T17:30:05.479586" elapsed="1.017617"/>
</iter>
<iter>
<kw name="Execute Javascript" owner="SeleniumLibrary">
<msg time="2025-05-19T17:30:06.498193" level="INFO">Executing JavaScript:
var el = document.evaluate('//*[@id="QA0Szd"]/div/div/div[1]/div[2]/div/div[1]/div/div/div[2]', document, null, XPathResult.FIRST_ORDERED_NODE_TYPE, null).singleNodeValue; if (el) { el.scrollBy(0, 2000); }
Without any arguments.</msg>
<arg>var el = document.evaluate('//*[@id="QA0Szd"]/div/div/div[1]/div[2]/div/div[1]/div/div/div[2]', document, null, XPathResult.FIRST_ORDERED_NODE_TYPE, null).singleNodeValue; if (el) { el.scrollBy(0, 2000); }</arg>
<doc>Executes the given JavaScript code with possible arguments.</doc>
<status status="PASS" start="2025-05-19T17:30:06.497203" elapsed="0.044508"/>
</kw>
<kw name="Sleep" owner="BuiltIn">
<msg time="2025-05-19T17:30:07.543342" level="INFO">Slept 1 second.</msg>
<arg>1s</arg>
<doc>Pauses the test executed for the given time.</doc>
<status status="PASS" start="2025-05-19T17:30:06.542708" elapsed="1.000634"/>
</kw>
<var name="${INDEX}">27</var>
<status status="PASS" start="2025-05-19T17:30:06.497203" elapsed="1.046139"/>
</iter>
<iter>
<kw name="Execute Javascript" owner="SeleniumLibrary">
<msg time="2025-05-19T17:30:07.544340" level="INFO">Executing JavaScript:
var el = document.evaluate('//*[@id="QA0Szd"]/div/div/div[1]/div[2]/div/div[1]/div/div/div[2]', document, null, XPathResult.FIRST_ORDERED_NODE_TYPE, null).singleNodeValue; if (el) { el.scrollBy(0, 2000); }
Without any arguments.</msg>
<arg>var el = document.evaluate('//*[@id="QA0Szd"]/div/div/div[1]/div[2]/div/div[1]/div/div/div[2]', document, null, XPathResult.FIRST_ORDERED_NODE_TYPE, null).singleNodeValue; if (el) { el.scrollBy(0, 2000); }</arg>
<doc>Executes the given JavaScript code with possible arguments.</doc>
<status status="PASS" start="2025-05-19T17:30:07.544340" elapsed="0.015998"/>
</kw>
<kw name="Sleep" owner="BuiltIn">
<msg time="2025-05-19T17:30:08.561864" level="INFO">Slept 1 second.</msg>
<arg>1s</arg>
<doc>Pauses the test executed for the given time.</doc>
<status status="PASS" start="2025-05-19T17:30:07.560338" elapsed="1.001526"/>
</kw>
<var name="${INDEX}">28</var>
<status status="PASS" start="2025-05-19T17:30:07.543342" elapsed="1.018522"/>
</iter>
<iter>
<kw name="Execute Javascript" owner="SeleniumLibrary">
<msg time="2025-05-19T17:30:08.562589" level="INFO">Executing JavaScript:
var el = document.evaluate('//*[@id="QA0Szd"]/div/div/div[1]/div[2]/div/div[1]/div/div/div[2]', document, null, XPathResult.FIRST_ORDERED_NODE_TYPE, null).singleNodeValue; if (el) { el.scrollBy(0, 2000); }
Without any arguments.</msg>
<arg>var el = document.evaluate('//*[@id="QA0Szd"]/div/div/div[1]/div[2]/div/div[1]/div/div/div[2]', document, null, XPathResult.FIRST_ORDERED_NODE_TYPE, null).singleNodeValue; if (el) { el.scrollBy(0, 2000); }</arg>
<doc>Executes the given JavaScript code with possible arguments.</doc>
<status status="PASS" start="2025-05-19T17:30:08.562589" elapsed="0.048998"/>
</kw>
<kw name="Sleep" owner="BuiltIn">
<msg time="2025-05-19T17:30:09.612305" level="INFO">Slept 1 second.</msg>
<arg>1s</arg>
<doc>Pauses the test executed for the given time.</doc>
<status status="PASS" start="2025-05-19T17:30:08.611587" elapsed="1.000718"/>
</kw>
<var name="${INDEX}">29</var>
<status status="PASS" start="2025-05-19T17:30:08.562589" elapsed="1.049716"/>
</iter>
<var>${INDEX}</var>
<value>30</value>
<status status="PASS" start="2025-05-19T17:29:38.955578" elapsed="30.656727"/>
</for>
<kw name="Get WebElements" owner="SeleniumLibrary">
<msg time="2025-05-19T17:30:09.656301" level="INFO">${review_elements} = [&lt;selenium.webdriver.remote.webelement.WebElement (session="3bd8bc582f6fe55f4efb58baafe80365", element="f.A61D491988D508D38583193666222E40.d.732EA8CA14BCD99271B217D24FFDE43E.e.97")&gt;, &lt;selenium.webdriv...</msg>
<var>${review_elements}</var>
<arg>xpath=//span[contains(@class,'wiI7pd')]</arg>
<doc>Returns a list of WebElement objects matching the ``locator``.</doc>
<status status="PASS" start="2025-05-19T17:30:09.613299" elapsed="0.043002"/>
</kw>
<kw name="Create List" owner="BuiltIn">
<msg time="2025-05-19T17:30:09.659300" level="INFO">${reviews} = []</msg>
<var>${reviews}</var>
<doc>Returns a list containing given items.</doc>
<status status="PASS" start="2025-05-19T17:30:09.659300" elapsed="0.000000"/>
</kw>
<for flavor="IN">
<iter>
<kw name="Get Text" owner="SeleniumLibrary">
<msg time="2025-05-19T17:30:09.681298" level="INFO">${review} = The experience was so perfect in such a way that we ended up doing both camel riding and quad bike riding. The staff is extremely friendly and the place has proper facilities. I highly recommend</msg>
<var>${review}</var>
<arg>${el}</arg>
<doc>Returns the text value of the element identified by ``locator``.</doc>
<status status="PASS" start="2025-05-19T17:30:09.662300" elapsed="0.018998"/>
</kw>
<kw name="Create List" owner="BuiltIn">
<msg time="2025-05-19T17:30:09.682298" level="INFO">${reviews} = ['The experience was so perfect in such a way that we ended up doing both camel riding and quad bike riding. The staff is extremely friendly and the place has proper facilities. I highly recommend']</msg>
<var>${reviews}</var>
<arg>@{reviews}</arg>
<arg>${review}</arg>
<doc>Returns a list containing given items.</doc>
<status status="PASS" start="2025-05-19T17:30:09.681298" elapsed="0.001000"/>
</kw>
<var name="${el}">&lt;selenium.webdriver.remote.webelement.WebElement (session="3bd8bc582f6fe55f4efb58baafe80365", element="f.A61D491988D508D38583193666222E40.d.732EA8CA14BCD99271B217D24FFDE43E.e.97")&gt;</var>
<status status="PASS" start="2025-05-19T17:30:09.662300" elapsed="0.020999"/>
</iter>
<iter>
<kw name="Get Text" owner="SeleniumLibrary">
<msg time="2025-05-19T17:30:09.696298" level="INFO">${review} = Richard was our guide for the 3 hour combo tour- I can’t say enough good things! He was amazing! Took us up and down dunes! He took great pictures and videos of us like were celebrities. Request him i...</msg>
<var>${review}</var>
<arg>${el}</arg>
<doc>Returns the text value of the element identified by ``locator``.</doc>
<status status="PASS" start="2025-05-19T17:30:09.683299" elapsed="0.014001"/>
</kw>
<kw name="Create List" owner="BuiltIn">
<msg time="2025-05-19T17:30:09.697300" level="INFO">${reviews} = ['The experience was so perfect in such a way that we ended up doing both camel riding and quad bike riding. The staff is extremely friendly and the place has proper facilities. I highly recommend', '...</msg>
<var>${reviews}</var>
<arg>@{reviews}</arg>
<arg>${review}</arg>
<doc>Returns a list containing given items.</doc>
<status status="PASS" start="2025-05-19T17:30:09.697300" elapsed="0.000000"/>
</kw>
<var name="${el}">&lt;selenium.webdriver.remote.webelement.WebElement (session="3bd8bc582f6fe55f4efb58baafe80365", element="f.A61D491988D508D38583193666222E40.d.732EA8CA14BCD99271B217D24FFDE43E.e.98")&gt;</var>
<status status="PASS" start="2025-05-19T17:30:09.683299" elapsed="0.015000"/>
</iter>
<iter>
<kw name="Get Text" owner="SeleniumLibrary">
<msg time="2025-05-19T17:30:09.712316" level="INFO">${review} = This was the highlight of my trip. I really had fun. The tram is very friendly and helpful. The guy made us feel comfortable and took us pictures so kind of him</msg>
<var>${review}</var>
<arg>${el}</arg>
<doc>Returns the text value of the element identified by ``locator``.</doc>
<status status="PASS" start="2025-05-19T17:30:09.698299" elapsed="0.014017"/>
</kw>
<kw name="Create List" owner="BuiltIn">
<msg time="2025-05-19T17:30:09.713300" level="INFO">${reviews} = ['The experience was so perfect in such a way that we ended up doing both camel riding and quad bike riding. The staff is extremely friendly and the place has proper facilities. I highly recommend', '...</msg>
<var>${reviews}</var>
<arg>@{reviews}</arg>
<arg>${review}</arg>
<doc>Returns a list containing given items.</doc>
<status status="PASS" start="2025-05-19T17:30:09.712316" elapsed="0.000984"/>
</kw>
<var name="${el}">&lt;selenium.webdriver.remote.webelement.WebElement (session="3bd8bc582f6fe55f4efb58baafe80365", element="f.A61D491988D508D38583193666222E40.d.732EA8CA14BCD99271B217D24FFDE43E.e.99")&gt;</var>
<status status="PASS" start="2025-05-19T17:30:09.698299" elapsed="0.015001"/>
</iter>
<iter>
<kw name="Get Text" owner="SeleniumLibrary">
<msg time="2025-05-19T17:30:09.729300" level="INFO">${review} = Great place. Adventures start here for the kids and adults alike. Very accommodating to our young kids on the 4 wheelers, did the camel rides great experience.</msg>
<var>${review}</var>
<arg>${el}</arg>
<doc>Returns the text value of the element identified by ``locator``.</doc>
<status status="PASS" start="2025-05-19T17:30:09.713300" elapsed="0.016000"/>
</kw>
<kw name="Create List" owner="BuiltIn">
<msg time="2025-05-19T17:30:09.730298" level="INFO">${reviews} = ['The experience was so perfect in such a way that we ended up doing both camel riding and quad bike riding. The staff is extremely friendly and the place has proper facilities. I highly recommend', '...</msg>
<var>${reviews}</var>
<arg>@{reviews}</arg>
<arg>${review}</arg>
<doc>Returns a list containing given items.</doc>
<status status="PASS" start="2025-05-19T17:30:09.729300" elapsed="0.000998"/>
</kw>
<var name="${el}">&lt;selenium.webdriver.remote.webelement.WebElement (session="3bd8bc582f6fe55f4efb58baafe80365", element="f.A61D491988D508D38583193666222E40.d.732EA8CA14BCD99271B217D24FFDE43E.e.100")&gt;</var>
<status status="PASS" start="2025-05-19T17:30:09.713300" elapsed="0.016998"/>
</iter>
<iter>
<kw name="Get Text" owner="SeleniumLibrary">
<msg time="2025-05-19T17:30:09.748299" level="INFO">${review} = We had a fantastic two hour quad bike drive across the dunes. We were taken on some exciting routes and stopped for a break on top of a massive dune overlooking Swakopmund. …</msg>
<var>${review}</var>
<arg>${el}</arg>
<doc>Returns the text value of the element identified by ``locator``.</doc>
<status status="PASS" start="2025-05-19T17:30:09.730298" elapsed="0.019001"/>
</kw>
<kw name="Create List" owner="BuiltIn">
<msg time="2025-05-19T17:30:09.750298" level="INFO">${reviews} = ['The experience was so perfect in such a way that we ended up doing both camel riding and quad bike riding. The staff is extremely friendly and the place has proper facilities. I highly recommend', '...</msg>
<var>${reviews}</var>
<arg>@{reviews}</arg>
<arg>${review}</arg>
<doc>Returns a list containing given items.</doc>
<status status="PASS" start="2025-05-19T17:30:09.749299" elapsed="0.000999"/>
</kw>
<var name="${el}">&lt;selenium.webdriver.remote.webelement.WebElement (session="3bd8bc582f6fe55f4efb58baafe80365", element="f.A61D491988D508D38583193666222E40.d.732EA8CA14BCD99271B217D24FFDE43E.e.101")&gt;</var>
<status status="PASS" start="2025-05-19T17:30:09.730298" elapsed="0.020000"/>
</iter>
<iter>
<kw name="Get Text" owner="SeleniumLibrary">
<msg time="2025-05-19T17:30:09.769299" level="INFO">${review} = I was a bit skeptical about doing the dune quad bike tour as I know most of the guides drive very slow.The guide was very friendly and asked us upfront if we know how to drive a quad bike.To my surpri...</msg>
<var>${review}</var>
<arg>${el}</arg>
<doc>Returns the text value of the element identified by ``locator``.</doc>
<status status="PASS" start="2025-05-19T17:30:09.750298" elapsed="0.019001"/>
</kw>
<kw name="Create List" owner="BuiltIn">
<msg time="2025-05-19T17:30:09.770298" level="INFO">${reviews} = ['The experience was so perfect in such a way that we ended up doing both camel riding and quad bike riding. The staff is extremely friendly and the place has proper facilities. I highly recommend', '...</msg>
<var>${reviews}</var>
<arg>@{reviews}</arg>
<arg>${review}</arg>
<doc>Returns a list containing given items.</doc>
<status status="PASS" start="2025-05-19T17:30:09.769299" elapsed="0.000999"/>
</kw>
<var name="${el}">&lt;selenium.webdriver.remote.webelement.WebElement (session="3bd8bc582f6fe55f4efb58baafe80365", element="f.A61D491988D508D38583193666222E40.d.732EA8CA14BCD99271B217D24FFDE43E.e.102")&gt;</var>
<status status="PASS" start="2025-05-19T17:30:09.750298" elapsed="0.020000"/>
</iter>
<iter>
<kw name="Get Text" owner="SeleniumLibrary">
<msg time="2025-05-19T17:30:09.780299" level="INFO">${review} = When we visited Desert Explorers, we didn't find any queues, however, people we know queued for about 30 minutes on busy days. I would highly recommend booking in advance. The tickets in my opinion we...</msg>
<var>${review}</var>
<arg>${el}</arg>
<doc>Returns the text value of the element identified by ``locator``.</doc>
<status status="PASS" start="2025-05-19T17:30:09.770298" elapsed="0.010001"/>
</kw>
<kw name="Create List" owner="BuiltIn">
<msg time="2025-05-19T17:30:09.781298" level="INFO">${reviews} = ['The experience was so perfect in such a way that we ended up doing both camel riding and quad bike riding. The staff is extremely friendly and the place has proper facilities. I highly recommend', '...</msg>
<var>${reviews}</var>
<arg>@{reviews}</arg>
<arg>${review}</arg>
<doc>Returns a list containing given items.</doc>
<status status="PASS" start="2025-05-19T17:30:09.780299" elapsed="0.000999"/>
</kw>
<var name="${el}">&lt;selenium.webdriver.remote.webelement.WebElement (session="3bd8bc582f6fe55f4efb58baafe80365", element="f.A61D491988D508D38583193666222E40.d.732EA8CA14BCD99271B217D24FFDE43E.e.103")&gt;</var>
<status status="PASS" start="2025-05-19T17:30:09.770298" elapsed="0.011000"/>
</iter>
<iter>
<kw name="Get Text" owner="SeleniumLibrary">
<msg time="2025-05-19T17:30:09.792299" level="INFO">${review} = Activity was amazing! Want to give 5 stars. Really made me smile while crossing through the dunes. We were 2 people and one guide.
Afterwards the guide suggested us to leave a tip and said 200Nad was ...</msg>
<var>${review}</var>
<arg>${el}</arg>
<doc>Returns the text value of the element identified by ``locator``.</doc>
<status status="PASS" start="2025-05-19T17:30:09.782298" elapsed="0.010001"/>
</kw>
<kw name="Create List" owner="BuiltIn">
<msg time="2025-05-19T17:30:09.793299" level="INFO">${reviews} = ['The experience was so perfect in such a way that we ended up doing both camel riding and quad bike riding. The staff is extremely friendly and the place has proper facilities. I highly recommend', '...</msg>
<var>${reviews}</var>
<arg>@{reviews}</arg>
<arg>${review}</arg>
<doc>Returns a list containing given items.</doc>
<status status="PASS" start="2025-05-19T17:30:09.793299" elapsed="0.000000"/>
</kw>
<var name="${el}">&lt;selenium.webdriver.remote.webelement.WebElement (session="3bd8bc582f6fe55f4efb58baafe80365", element="f.A61D491988D508D38583193666222E40.d.732EA8CA14BCD99271B217D24FFDE43E.e.104")&gt;</var>
<status status="PASS" start="2025-05-19T17:30:09.781298" elapsed="0.012001"/>
</iter>
<iter>
<kw name="Get Text" owner="SeleniumLibrary">
<msg time="2025-05-19T17:30:09.807299" level="INFO">${review} = Lots of fun overall, and felt safe. Sand boarding is an absolute blast. Definitely wear sneakers or at least socks - the sand is hot!</msg>
<var>${review}</var>
<arg>${el}</arg>
<doc>Returns the text value of the element identified by ``locator``.</doc>
<status status="PASS" start="2025-05-19T17:30:09.794299" elapsed="0.013000"/>
</kw>
<kw name="Create List" owner="BuiltIn">
<msg time="2025-05-19T17:30:09.808298" level="INFO">${reviews} = ['The experience was so perfect in such a way that we ended up doing both camel riding and quad bike riding. The staff is extremely friendly and the place has proper facilities. I highly recommend', '...</msg>
<var>${reviews}</var>
<arg>@{reviews}</arg>
<arg>${review}</arg>
<doc>Returns a list containing given items.</doc>
<status status="PASS" start="2025-05-19T17:30:09.807299" elapsed="0.000999"/>
</kw>
<var name="${el}">&lt;selenium.webdriver.remote.webelement.WebElement (session="3bd8bc582f6fe55f4efb58baafe80365", element="f.A61D491988D508D38583193666222E40.d.732EA8CA14BCD99271B217D24FFDE43E.e.105")&gt;</var>
<status status="PASS" start="2025-05-19T17:30:09.793299" elapsed="0.014999"/>
</iter>
<iter>
<kw name="Get Text" owner="SeleniumLibrary">
<msg time="2025-05-19T17:30:09.819299" level="INFO">${review} = We booked a catamaran cruise on a cold 13 degrees) day. The experience was much better than expected. Pick up from our hotel to the harbour at Walvis Bay. Professional and friendly service. Approx 18 ...</msg>
<var>${review}</var>
<arg>${el}</arg>
<doc>Returns the text value of the element identified by ``locator``.</doc>
<status status="PASS" start="2025-05-19T17:30:09.809299" elapsed="0.010000"/>
</kw>
<kw name="Create List" owner="BuiltIn">
<msg time="2025-05-19T17:30:09.820299" level="INFO">${reviews} = ['The experience was so perfect in such a way that we ended up doing both camel riding and quad bike riding. The staff is extremely friendly and the place has proper facilities. I highly recommend', '...</msg>
<var>${reviews}</var>
<arg>@{reviews}</arg>
<arg>${review}</arg>
<doc>Returns a list containing given items.</doc>
<status status="PASS" start="2025-05-19T17:30:09.819299" elapsed="0.001000"/>
</kw>
<var name="${el}">&lt;selenium.webdriver.remote.webelement.WebElement (session="3bd8bc582f6fe55f4efb58baafe80365", element="f.A61D491988D508D38583193666222E40.d.732EA8CA14BCD99271B217D24FFDE43E.e.106")&gt;</var>
<status status="PASS" start="2025-05-19T17:30:09.808298" elapsed="0.012001"/>
</iter>
<iter>
<kw name="Get Text" owner="SeleniumLibrary">
<msg time="2025-05-19T17:30:09.830299" level="INFO">${review} = Our experience with Ricky on the dunes was fantastic. He made the entire adventure unforgettable. We took a quad tour, searched for desert creatures, and ended with a camel walk. Ricky is exceptionall...</msg>
<var>${review}</var>
<arg>${el}</arg>
<doc>Returns the text value of the element identified by ``locator``.</doc>
<status status="PASS" start="2025-05-19T17:30:09.821299" elapsed="0.009000"/>
</kw>
<kw name="Create List" owner="BuiltIn">
<msg time="2025-05-19T17:30:09.831299" level="INFO">${reviews} = ['The experience was so perfect in such a way that we ended up doing both camel riding and quad bike riding. The staff is extremely friendly and the place has proper facilities. I highly recommend', '...</msg>
<var>${reviews}</var>
<arg>@{reviews}</arg>
<arg>${review}</arg>
<doc>Returns a list containing given items.</doc>
<status status="PASS" start="2025-05-19T17:30:09.830299" elapsed="0.001000"/>
</kw>
<var name="${el}">&lt;selenium.webdriver.remote.webelement.WebElement (session="3bd8bc582f6fe55f4efb58baafe80365", element="f.A61D491988D508D38583193666222E40.d.732EA8CA14BCD99271B217D24FFDE43E.e.107")&gt;</var>
<status status="PASS" start="2025-05-19T17:30:09.820299" elapsed="0.011000"/>
</iter>
<iter>
<kw name="Get Text" owner="SeleniumLibrary">
<msg time="2025-05-19T17:30:09.841300" level="INFO">${review} = Friendly and helpfull staff, quad bike tour in desert was great. Will do longer one next time, totally worth it!</msg>
<var>${review}</var>
<arg>${el}</arg>
<doc>Returns the text value of the element identified by ``locator``.</doc>
<status status="PASS" start="2025-05-19T17:30:09.831299" elapsed="0.010001"/>
</kw>
<kw name="Create List" owner="BuiltIn">
<msg time="2025-05-19T17:30:09.842299" level="INFO">${reviews} = ['The experience was so perfect in such a way that we ended up doing both camel riding and quad bike riding. The staff is extremely friendly and the place has proper facilities. I highly recommend', '...</msg>
<var>${reviews}</var>
<arg>@{reviews}</arg>
<arg>${review}</arg>
<doc>Returns a list containing given items.</doc>
<status status="PASS" start="2025-05-19T17:30:09.841300" elapsed="0.000999"/>
</kw>
<var name="${el}">&lt;selenium.webdriver.remote.webelement.WebElement (session="3bd8bc582f6fe55f4efb58baafe80365", element="f.A61D491988D508D38583193666222E40.d.732EA8CA14BCD99271B217D24FFDE43E.e.108")&gt;</var>
<status status="PASS" start="2025-05-19T17:30:09.831299" elapsed="0.011000"/>
</iter>
<iter>
<kw name="Get Text" owner="SeleniumLibrary">
<msg time="2025-05-19T17:30:09.888299" level="INFO">${review} = We did the combo with two hours for quadding and one hour for dune lay down sledding. It was a great day! I love.that they send you out with a personalized guide. We were a pair and had our own guide ...</msg>
<var>${review}</var>
<arg>${el}</arg>
<doc>Returns the text value of the element identified by ``locator``.</doc>
<status status="PASS" start="2025-05-19T17:30:09.843299" elapsed="0.045000"/>
</kw>
<kw name="Create List" owner="BuiltIn">
<msg time="2025-05-19T17:30:09.889298" level="INFO">${reviews} = ['The experience was so perfect in such a way that we ended up doing both camel riding and quad bike riding. The staff is extremely friendly and the place has proper facilities. I highly recommend', '...</msg>
<var>${reviews}</var>
<arg>@{reviews}</arg>
<arg>${review}</arg>
<doc>Returns a list containing given items.</doc>
<status status="PASS" start="2025-05-19T17:30:09.889298" elapsed="0.000000"/>
</kw>
<var name="${el}">&lt;selenium.webdriver.remote.webelement.WebElement (session="3bd8bc582f6fe55f4efb58baafe80365", element="f.A61D491988D508D38583193666222E40.d.732EA8CA14BCD99271B217D24FFDE43E.e.109")&gt;</var>
<status status="PASS" start="2025-05-19T17:30:09.843299" elapsed="0.045999"/>
</iter>
<iter>
<kw name="Get Text" owner="SeleniumLibrary">
<msg time="2025-05-19T17:30:09.901300" level="INFO">${review} = Had an Quadbike tour in the desert. It was great. Everyone that is in Swakopmund have to try this😀 …</msg>
<var>${review}</var>
<arg>${el}</arg>
<doc>Returns the text value of the element identified by ``locator``.</doc>
<status status="PASS" start="2025-05-19T17:30:09.890298" elapsed="0.011002"/>
</kw>
<kw name="Create List" owner="BuiltIn">
<msg time="2025-05-19T17:30:09.902300" level="INFO">${reviews} = ['The experience was so perfect in such a way that we ended up doing both camel riding and quad bike riding. The staff is extremely friendly and the place has proper facilities. I highly recommend', '...</msg>
<var>${reviews}</var>
<arg>@{reviews}</arg>
<arg>${review}</arg>
<doc>Returns a list containing given items.</doc>
<status status="PASS" start="2025-05-19T17:30:09.902300" elapsed="0.000000"/>
</kw>
<var name="${el}">&lt;selenium.webdriver.remote.webelement.WebElement (session="3bd8bc582f6fe55f4efb58baafe80365", element="f.A61D491988D508D38583193666222E40.d.732EA8CA14BCD99271B217D24FFDE43E.e.110")&gt;</var>
<status status="PASS" start="2025-05-19T17:30:09.889298" elapsed="0.013002"/>
</iter>
<iter>
<kw name="Get Text" owner="SeleniumLibrary">
<msg time="2025-05-19T17:30:09.988298" level="INFO">${review} = These guys know what they are doing.
Well organized!
Great activity for family …</msg>
<var>${review}</var>
<arg>${el}</arg>
<doc>Returns the text value of the element identified by ``locator``.</doc>
<status status="PASS" start="2025-05-19T17:30:09.903299" elapsed="0.084999"/>
</kw>
<kw name="Create List" owner="BuiltIn">
<msg time="2025-05-19T17:30:09.989299" level="INFO">${reviews} = ['The experience was so perfect in such a way that we ended up doing both camel riding and quad bike riding. The staff is extremely friendly and the place has proper facilities. I highly recommend', '...</msg>
<var>${reviews}</var>
<arg>@{reviews}</arg>
<arg>${review}</arg>
<doc>Returns a list containing given items.</doc>
<status status="PASS" start="2025-05-19T17:30:09.988298" elapsed="0.001001"/>
</kw>
<var name="${el}">&lt;selenium.webdriver.remote.webelement.WebElement (session="3bd8bc582f6fe55f4efb58baafe80365", element="f.A61D491988D508D38583193666222E40.d.732EA8CA14BCD99271B217D24FFDE43E.e.111")&gt;</var>
<status status="PASS" start="2025-05-19T17:30:09.903299" elapsed="0.086000"/>
</iter>
<iter>
<kw name="Get Text" owner="SeleniumLibrary">
<msg time="2025-05-19T17:30:10.011299" level="INFO">${review} = Plenty of activities to do while in Namibia. Check their website for prices so you plan properly to enjoy what they offer. Up to 10 min on busy days to buy ticket and to an hour for the activity</msg>
<var>${review}</var>
<arg>${el}</arg>
<doc>Returns the text value of the element identified by ``locator``.</doc>
<status status="PASS" start="2025-05-19T17:30:09.990299" elapsed="0.021000"/>
</kw>
<kw name="Create List" owner="BuiltIn">
<msg time="2025-05-19T17:30:10.011299" level="INFO">${reviews} = ['The experience was so perfect in such a way that we ended up doing both camel riding and quad bike riding. The staff is extremely friendly and the place has proper facilities. I highly recommend', '...</msg>
<var>${reviews}</var>
<arg>@{reviews}</arg>
<arg>${review}</arg>
<doc>Returns a list containing given items.</doc>
<status status="PASS" start="2025-05-19T17:30:10.011299" elapsed="0.001000"/>
</kw>
<var name="${el}">&lt;selenium.webdriver.remote.webelement.WebElement (session="3bd8bc582f6fe55f4efb58baafe80365", element="f.A61D491988D508D38583193666222E40.d.732EA8CA14BCD99271B217D24FFDE43E.e.112")&gt;</var>
<status status="PASS" start="2025-05-19T17:30:09.989299" elapsed="0.023000"/>
</iter>
<iter>
<kw name="Get Text" owner="SeleniumLibrary">
<msg time="2025-05-19T17:30:10.023299" level="INFO">${review} = Absolutely enjoyed the experience and activities, the guides and instructors are friendly and helpful. I the only thing we didn’t like or enjoy it’s the bathrooms that are in the same space. There is ...</msg>
<var>${review}</var>
<arg>${el}</arg>
<doc>Returns the text value of the element identified by ``locator``.</doc>
<status status="PASS" start="2025-05-19T17:30:10.012299" elapsed="0.012000"/>
</kw>
<kw name="Create List" owner="BuiltIn">
<msg time="2025-05-19T17:30:10.024299" level="INFO">${reviews} = ['The experience was so perfect in such a way that we ended up doing both camel riding and quad bike riding. The staff is extremely friendly and the place has proper facilities. I highly recommend', '...</msg>
<var>${reviews}</var>
<arg>@{reviews}</arg>
<arg>${review}</arg>
<doc>Returns a list containing given items.</doc>
<status status="PASS" start="2025-05-19T17:30:10.024299" elapsed="0.000000"/>
</kw>
<var name="${el}">&lt;selenium.webdriver.remote.webelement.WebElement (session="3bd8bc582f6fe55f4efb58baafe80365", element="f.A61D491988D508D38583193666222E40.d.732EA8CA14BCD99271B217D24FFDE43E.e.113")&gt;</var>
<status status="PASS" start="2025-05-19T17:30:10.012299" elapsed="0.012999"/>
</iter>
<iter>
<kw name="Get Text" owner="SeleniumLibrary">
<msg time="2025-05-19T17:30:10.036299" level="INFO">${review} = Had the best day of my life, though I fell from a quad bike 😅😅 …</msg>
<var>${review}</var>
<arg>${el}</arg>
<doc>Returns the text value of the element identified by ``locator``.</doc>
<status status="PASS" start="2025-05-19T17:30:10.025298" elapsed="0.011001"/>
</kw>
<kw name="Create List" owner="BuiltIn">
<msg time="2025-05-19T17:30:10.037299" level="INFO">${reviews} = ['The experience was so perfect in such a way that we ended up doing both camel riding and quad bike riding. The staff is extremely friendly and the place has proper facilities. I highly recommend', '...</msg>
<var>${reviews}</var>
<arg>@{reviews}</arg>
<arg>${review}</arg>
<doc>Returns a list containing given items.</doc>
<status status="PASS" start="2025-05-19T17:30:10.036299" elapsed="0.001000"/>
</kw>
<var name="${el}">&lt;selenium.webdriver.remote.webelement.WebElement (session="3bd8bc582f6fe55f4efb58baafe80365", element="f.A61D491988D508D38583193666222E40.d.732EA8CA14BCD99271B217D24FFDE43E.e.114")&gt;</var>
<status status="PASS" start="2025-05-19T17:30:10.025298" elapsed="0.012001"/>
</iter>
<iter>
<kw name="Get Text" owner="SeleniumLibrary">
<msg time="2025-05-19T17:30:10.048298" level="INFO">${review} = I have visited here several time. Quad bike, and board and camel riding for my daughter. They are very professional. Programmes are well organised. But not recommend for sand boarding. It’s not shops ...</msg>
<var>${review}</var>
<arg>${el}</arg>
<doc>Returns the text value of the element identified by ``locator``.</doc>
<status status="PASS" start="2025-05-19T17:30:10.038300" elapsed="0.009998"/>
</kw>
<kw name="Create List" owner="BuiltIn">
<msg time="2025-05-19T17:30:10.049299" level="INFO">${reviews} = ['The experience was so perfect in such a way that we ended up doing both camel riding and quad bike riding. The staff is extremely friendly and the place has proper facilities. I highly recommend', '...</msg>
<var>${reviews}</var>
<arg>@{reviews}</arg>
<arg>${review}</arg>
<doc>Returns a list containing given items.</doc>
<status status="PASS" start="2025-05-19T17:30:10.049299" elapsed="0.000000"/>
</kw>
<var name="${el}">&lt;selenium.webdriver.remote.webelement.WebElement (session="3bd8bc582f6fe55f4efb58baafe80365", element="f.A61D491988D508D38583193666222E40.d.732EA8CA14BCD99271B217D24FFDE43E.e.115")&gt;</var>
<status status="PASS" start="2025-05-19T17:30:10.037299" elapsed="0.012000"/>
</iter>
<iter>
<kw name="Get Text" owner="SeleniumLibrary">
<msg time="2025-05-19T17:30:10.059301" level="INFO">${review} = It’s a blast guys……the bikes 🏍️ on the dessert, camels 🐪 . It’s a must visit and do …</msg>
<var>${review}</var>
<arg>${el}</arg>
<doc>Returns the text value of the element identified by ``locator``.</doc>
<status status="PASS" start="2025-05-19T17:30:10.050299" elapsed="0.009002"/>
</kw>
<kw name="Create List" owner="BuiltIn">
<msg time="2025-05-19T17:30:10.060300" level="INFO">${reviews} = ['The experience was so perfect in such a way that we ended up doing both camel riding and quad bike riding. The staff is extremely friendly and the place has proper facilities. I highly recommend', '...</msg>
<var>${reviews}</var>
<arg>@{reviews}</arg>
<arg>${review}</arg>
<doc>Returns a list containing given items.</doc>
<status status="PASS" start="2025-05-19T17:30:10.060300" elapsed="0.000000"/>
</kw>
<var name="${el}">&lt;selenium.webdriver.remote.webelement.WebElement (session="3bd8bc582f6fe55f4efb58baafe80365", element="f.A61D491988D508D38583193666222E40.d.732EA8CA14BCD99271B217D24FFDE43E.e.116")&gt;</var>
<status status="PASS" start="2025-05-19T17:30:10.050299" elapsed="0.010001"/>
</iter>
<iter>
<kw name="Get Text" owner="SeleniumLibrary">
<msg time="2025-05-19T17:30:10.072299" level="INFO">${review} = Amazing experience. My first time on a quad and dune surfing so it was great. We did the three hour combo of two hours on the quad and an hour surfing. The guide was very professional and made sure we...</msg>
<var>${review}</var>
<arg>${el}</arg>
<doc>Returns the text value of the element identified by ``locator``.</doc>
<status status="PASS" start="2025-05-19T17:30:10.061299" elapsed="0.012002"/>
</kw>
<kw name="Create List" owner="BuiltIn">
<msg time="2025-05-19T17:30:10.073301" level="INFO">${reviews} = ['The experience was so perfect in such a way that we ended up doing both camel riding and quad bike riding. The staff is extremely friendly and the place has proper facilities. I highly recommend', '...</msg>
<var>${reviews}</var>
<arg>@{reviews}</arg>
<arg>${review}</arg>
<doc>Returns a list containing given items.</doc>
<status status="PASS" start="2025-05-19T17:30:10.073301" elapsed="0.000000"/>
</kw>
<var name="${el}">&lt;selenium.webdriver.remote.webelement.WebElement (session="3bd8bc582f6fe55f4efb58baafe80365", element="f.A61D491988D508D38583193666222E40.d.732EA8CA14BCD99271B217D24FFDE43E.e.117")&gt;</var>
<status status="PASS" start="2025-05-19T17:30:10.061299" elapsed="0.012999"/>
</iter>
<iter>
<kw name="Get Text" owner="SeleniumLibrary">
<msg time="2025-05-19T17:30:10.085300" level="INFO">${review} = A great place to see the desert up close and personal.
A quad bike tour through the dunes with some beautiful scenery and views over the ocean. …</msg>
<var>${review}</var>
<arg>${el}</arg>
<doc>Returns the text value of the element identified by ``locator``.</doc>
<status status="PASS" start="2025-05-19T17:30:10.074298" elapsed="0.011002"/>
</kw>
<kw name="Create List" owner="BuiltIn">
<msg time="2025-05-19T17:30:10.086300" level="INFO">${reviews} = ['The experience was so perfect in such a way that we ended up doing both camel riding and quad bike riding. The staff is extremely friendly and the place has proper facilities. I highly recommend', '...</msg>
<var>${reviews}</var>
<arg>@{reviews}</arg>
<arg>${review}</arg>
<doc>Returns a list containing given items.</doc>
<status status="PASS" start="2025-05-19T17:30:10.085300" elapsed="0.001000"/>
</kw>
<var name="${el}">&lt;selenium.webdriver.remote.webelement.WebElement (session="3bd8bc582f6fe55f4efb58baafe80365", element="f.A61D491988D508D38583193666222E40.d.732EA8CA14BCD99271B217D24FFDE43E.e.118")&gt;</var>
<status status="PASS" start="2025-05-19T17:30:10.074298" elapsed="0.012002"/>
</iter>
<iter>
<kw name="Get Text" owner="SeleniumLibrary">
<msg time="2025-05-19T17:30:10.098299" level="INFO">${review} = Did camel riding and quad biking, both a lot of fun. Included a hotel pickup and drop off. Was super easy to book and no waiting on the day. Guides were good and we had a lot of fun. Thanks Marco and ...</msg>
<var>${review}</var>
<arg>${el}</arg>
<doc>Returns the text value of the element identified by ``locator``.</doc>
<status status="PASS" start="2025-05-19T17:30:10.087300" elapsed="0.010999"/>
</kw>
<kw name="Create List" owner="BuiltIn">
<msg time="2025-05-19T17:30:10.099300" level="INFO">${reviews} = ['The experience was so perfect in such a way that we ended up doing both camel riding and quad bike riding. The staff is extremely friendly and the place has proper facilities. I highly recommend', '...</msg>
<var>${reviews}</var>
<arg>@{reviews}</arg>
<arg>${review}</arg>
<doc>Returns a list containing given items.</doc>
<status status="PASS" start="2025-05-19T17:30:10.098299" elapsed="0.001001"/>
</kw>
<var name="${el}">&lt;selenium.webdriver.remote.webelement.WebElement (session="3bd8bc582f6fe55f4efb58baafe80365", element="f.A61D491988D508D38583193666222E40.d.732EA8CA14BCD99271B217D24FFDE43E.e.119")&gt;</var>
<status status="PASS" start="2025-05-19T17:30:10.087300" elapsed="0.012000"/>
</iter>
<iter>
<kw name="Get Text" owner="SeleniumLibrary">
<msg time="2025-05-19T17:30:10.109299" level="INFO">${review} = I did both the camel ride and the quad bikes with my family of 4. The experience is awesome ,however, pertaining to the camel ride, it was cut significantly shorter. The reason is that it is season (f...</msg>
<var>${review}</var>
<arg>${el}</arg>
<doc>Returns the text value of the element identified by ``locator``.</doc>
<status status="PASS" start="2025-05-19T17:30:10.100298" elapsed="0.010001"/>
</kw>
<kw name="Create List" owner="BuiltIn">
<msg time="2025-05-19T17:30:10.110299" level="INFO">${reviews} = ['The experience was so perfect in such a way that we ended up doing both camel riding and quad bike riding. The staff is extremely friendly and the place has proper facilities. I highly recommend', '...</msg>
<var>${reviews}</var>
<arg>@{reviews}</arg>
<arg>${review}</arg>
<doc>Returns a list containing given items.</doc>
<status status="PASS" start="2025-05-19T17:30:10.110299" elapsed="0.001000"/>
</kw>
<var name="${el}">&lt;selenium.webdriver.remote.webelement.WebElement (session="3bd8bc582f6fe55f4efb58baafe80365", element="f.A61D491988D508D38583193666222E40.d.732EA8CA14BCD99271B217D24FFDE43E.e.120")&gt;</var>
<status status="PASS" start="2025-05-19T17:30:10.099300" elapsed="0.011999"/>
</iter>
<iter>
<kw name="Get Text" owner="SeleniumLibrary">
<msg time="2025-05-19T17:30:10.121298" level="INFO">${review} = Interesting experience. 1 hour wait time because of so many riders on New year's day. …</msg>
<var>${review}</var>
<arg>${el}</arg>
<doc>Returns the text value of the element identified by ``locator``.</doc>
<status status="PASS" start="2025-05-19T17:30:10.111299" elapsed="0.010999"/>
</kw>
<kw name="Create List" owner="BuiltIn">
<msg time="2025-05-19T17:30:10.122298" level="INFO">${reviews} = ['The experience was so perfect in such a way that we ended up doing both camel riding and quad bike riding. The staff is extremely friendly and the place has proper facilities. I highly recommend', '...</msg>
<var>${reviews}</var>
<arg>@{reviews}</arg>
<arg>${review}</arg>
<doc>Returns a list containing given items.</doc>
<status status="PASS" start="2025-05-19T17:30:10.122298" elapsed="0.000000"/>
</kw>
<var name="${el}">&lt;selenium.webdriver.remote.webelement.WebElement (session="3bd8bc582f6fe55f4efb58baafe80365", element="f.A61D491988D508D38583193666222E40.d.732EA8CA14BCD99271B217D24FFDE43E.e.121")&gt;</var>
<status status="PASS" start="2025-05-19T17:30:10.111299" elapsed="0.012000"/>
</iter>
<iter>
<kw name="Get Text" owner="SeleniumLibrary">
<msg time="2025-05-19T17:30:10.134301" level="INFO">${review} = The best!! From the start Desert Explorers were super friendly, accommodating and professional. We did the quad bike, sand boarding &amp; living desert combo tour and enjoyed every minute! Our guide was R...</msg>
<var>${review}</var>
<arg>${el}</arg>
<doc>Returns the text value of the element identified by ``locator``.</doc>
<status status="PASS" start="2025-05-19T17:30:10.123299" elapsed="0.011002"/>
</kw>
<kw name="Create List" owner="BuiltIn">
<msg time="2025-05-19T17:30:10.135299" level="INFO">${reviews} = ['The experience was so perfect in such a way that we ended up doing both camel riding and quad bike riding. The staff is extremely friendly and the place has proper facilities. I highly recommend', '...</msg>
<var>${reviews}</var>
<arg>@{reviews}</arg>
<arg>${review}</arg>
<doc>Returns a list containing given items.</doc>
<status status="PASS" start="2025-05-19T17:30:10.134301" elapsed="0.000998"/>
</kw>
<var name="${el}">&lt;selenium.webdriver.remote.webelement.WebElement (session="3bd8bc582f6fe55f4efb58baafe80365", element="f.A61D491988D508D38583193666222E40.d.732EA8CA14BCD99271B217D24FFDE43E.e.122")&gt;</var>
<status status="PASS" start="2025-05-19T17:30:10.123299" elapsed="0.012000"/>
</iter>
<iter>
<kw name="Get Text" owner="SeleniumLibrary">
<msg time="2025-05-19T17:30:10.145301" level="INFO">${review} = Wondeful 2-hour quad biking and sandboarding combo experience!
No need to book in advance for quad biking and sandboarding combo. Just pop in at their office, although you may need to wait because the...</msg>
<var>${review}</var>
<arg>${el}</arg>
<doc>Returns the text value of the element identified by ``locator``.</doc>
<status status="PASS" start="2025-05-19T17:30:10.135299" elapsed="0.010002"/>
</kw>
<kw name="Create List" owner="BuiltIn">
<msg time="2025-05-19T17:30:10.146299" level="INFO">${reviews} = ['The experience was so perfect in such a way that we ended up doing both camel riding and quad bike riding. The staff is extremely friendly and the place has proper facilities. I highly recommend', '...</msg>
<var>${reviews}</var>
<arg>@{reviews}</arg>
<arg>${review}</arg>
<doc>Returns a list containing given items.</doc>
<status status="PASS" start="2025-05-19T17:30:10.146299" elapsed="0.000000"/>
</kw>
<var name="${el}">&lt;selenium.webdriver.remote.webelement.WebElement (session="3bd8bc582f6fe55f4efb58baafe80365", element="f.A61D491988D508D38583193666222E40.d.732EA8CA14BCD99271B217D24FFDE43E.e.123")&gt;</var>
<status status="PASS" start="2025-05-19T17:30:10.135299" elapsed="0.011000"/>
</iter>
<iter>
<kw name="Get Text" owner="SeleniumLibrary">
<msg time="2025-05-19T17:30:10.193305" level="INFO">${review} = We booked the combo tour in advance (Quad &amp; Dune surfing). We had SO much fun! Mono was our guide. He was very knowledgeable and fun. This is a must do activity when visiting Namibia, 100% worth it.</msg>
<var>${review}</var>
<arg>${el}</arg>
<doc>Returns the text value of the element identified by ``locator``.</doc>
<status status="PASS" start="2025-05-19T17:30:10.147299" elapsed="0.046006"/>
</kw>
<kw name="Create List" owner="BuiltIn">
<msg time="2025-05-19T17:30:10.194301" level="INFO">${reviews} = ['The experience was so perfect in such a way that we ended up doing both camel riding and quad bike riding. The staff is extremely friendly and the place has proper facilities. I highly recommend', '...</msg>
<var>${reviews}</var>
<arg>@{reviews}</arg>
<arg>${review}</arg>
<doc>Returns a list containing given items.</doc>
<status status="PASS" start="2025-05-19T17:30:10.194301" elapsed="0.000000"/>
</kw>
<var name="${el}">&lt;selenium.webdriver.remote.webelement.WebElement (session="3bd8bc582f6fe55f4efb58baafe80365", element="f.A61D491988D508D38583193666222E40.d.732EA8CA14BCD99271B217D24FFDE43E.e.124")&gt;</var>
<status status="PASS" start="2025-05-19T17:30:10.147299" elapsed="0.047002"/>
</iter>
<iter>
<kw name="Get Text" owner="SeleniumLibrary">
<msg time="2025-05-19T17:30:10.206299" level="INFO">${review} = They charge 100 rand more if you are a single rider and go on a different tour than the person you came with. They tell you when you are about to pay and do not advertise this (false advertisement). T...</msg>
<var>${review}</var>
<arg>${el}</arg>
<doc>Returns the text value of the element identified by ``locator``.</doc>
<status status="PASS" start="2025-05-19T17:30:10.195302" elapsed="0.010997"/>
</kw>
<kw name="Create List" owner="BuiltIn">
<msg time="2025-05-19T17:30:10.207300" level="INFO">${reviews} = ['The experience was so perfect in such a way that we ended up doing both camel riding and quad bike riding. The staff is extremely friendly and the place has proper facilities. I highly recommend', '...</msg>
<var>${reviews}</var>
<arg>@{reviews}</arg>
<arg>${review}</arg>
<doc>Returns a list containing given items.</doc>
<status status="PASS" start="2025-05-19T17:30:10.206299" elapsed="0.001001"/>
</kw>
<var name="${el}">&lt;selenium.webdriver.remote.webelement.WebElement (session="3bd8bc582f6fe55f4efb58baafe80365", element="f.A61D491988D508D38583193666222E40.d.732EA8CA14BCD99271B217D24FFDE43E.e.125")&gt;</var>
<status status="PASS" start="2025-05-19T17:30:10.195302" elapsed="0.011998"/>
</iter>
<iter>
<kw name="Get Text" owner="SeleniumLibrary">
<msg time="2025-05-19T17:30:10.217299" level="INFO">${review} = Made a reservation one day in advance to go with the quads to the dunes. At first it was slow but I think it was to test our skills and comfort level. Afterwards full speed through the dunes. Was awes...</msg>
<var>${review}</var>
<arg>${el}</arg>
<doc>Returns the text value of the element identified by ``locator``.</doc>
<status status="PASS" start="2025-05-19T17:30:10.207300" elapsed="0.009999"/>
</kw>
<kw name="Create List" owner="BuiltIn">
<msg time="2025-05-19T17:30:10.218300" level="INFO">${reviews} = ['The experience was so perfect in such a way that we ended up doing both camel riding and quad bike riding. The staff is extremely friendly and the place has proper facilities. I highly recommend', '...</msg>
<var>${reviews}</var>
<arg>@{reviews}</arg>
<arg>${review}</arg>
<doc>Returns a list containing given items.</doc>
<status status="PASS" start="2025-05-19T17:30:10.217299" elapsed="0.001001"/>
</kw>
[...]
<status status="PASS" start="2025-05-19T17:30:12.100300" elapsed="0.001999"/>
</iter>
<iter>
<kw name="Append To File" owner="OperatingSystem">
<msg time="2025-05-19T17:30:12.104299" level="INFO" html="true">Appended to file '&lt;a href="file://C:\Users\Henry\Documents\RobotFrameworkProject\Robotframework-Project\review_texts\desert_explorers_reviews.txt"&gt;C:\Users\Henry\Documents\RobotFrameworkProject\Robotframework-Project\review_texts\desert_explorers_reviews.txt&lt;/a&gt;'.</msg>
<arg>${file}</arg>
<arg>${review}\n---\n</arg>
<doc>Appends the given content to the specified file.</doc>
<status status="PASS" start="2025-05-19T17:30:12.102299" elapsed="0.002000"/>
</kw>
<var name="${review}">Take the time and spend the money. We did the Explorer Combo. Quad ride (50km) in dunes with stops to see indigenous life. Some exciting steep decents... Then sandboarding scary and exhilarating and w...</var>
<status status="PASS" start="2025-05-19T17:30:12.102299" elapsed="0.002000"/>
</iter>
<iter>
<kw name="Append To File" owner="OperatingSystem">
<msg time="2025-05-19T17:30:12.106300" level="INFO" html="true">Appended to file '&lt;a href="file://C:\Users\Henry\Documents\RobotFrameworkProject\Robotframework-Project\review_texts\desert_explorers_reviews.txt"&gt;C:\Users\Henry\Documents\RobotFrameworkProject\Robotframework-Project\review_texts\desert_explorers_reviews.txt&lt;/a&gt;'.</msg>
<arg>${file}</arg>
<arg>${review}\n---\n</arg>
<doc>Appends the given content to the specified file.</doc>
<status status="PASS" start="2025-05-19T17:30:12.105299" elapsed="0.002001"/>
</kw>
<var name="${review}">Amazing experience, we opted for the 3 hours quad biking activity with breakfast. Luckily there was only me andy partner on this excursion which meant we had a our guides full attention. Our guide was...</var>
<status status="PASS" start="2025-05-19T17:30:12.104299" elapsed="0.003001"/>
</iter>
<iter>
<kw name="Append To File" owner="OperatingSystem">
<msg time="2025-05-19T17:30:12.108301" level="INFO" html="true">Appended to file '&lt;a href="file://C:\Users\Henry\Documents\RobotFrameworkProject\Robotframework-Project\review_texts\desert_explorers_reviews.txt"&gt;C:\Users\Henry\Documents\RobotFrameworkProject\Robotframework-Project\review_texts\desert_explorers_reviews.txt&lt;/a&gt;'.</msg>
<arg>${file}</arg>
<arg>${review}\n---\n</arg>
<doc>Appends the given content to the specified file.</doc>
<status status="PASS" start="2025-05-19T17:30:12.107300" elapsed="0.002001"/>
</kw>
<var name="${review}">We had a lot of fun riding Quads through the Dessert with out nice guide Ricky. We 100% recommend desert Explorers.</var>
<status status="PASS" start="2025-05-19T17:30:12.107300" elapsed="0.002001"/>
</iter>
<iter>
<kw name="Append To File" owner="OperatingSystem">
<msg time="2025-05-19T17:30:12.111300" level="INFO" html="true">Appended to file '&lt;a href="file://C:\Users\Henry\Documents\RobotFrameworkProject\Robotframework-Project\review_texts\desert_explorers_reviews.txt"&gt;C:\Users\Henry\Documents\RobotFrameworkProject\Robotframework-Project\review_texts\desert_explorers_reviews.txt&lt;/a&gt;'.</msg>
<arg>${file}</arg>
<arg>${review}\n---\n</arg>
<doc>Appends the given content to the specified file.</doc>
<status status="PASS" start="2025-05-19T17:30:12.109301" elapsed="0.001999"/>
</kw>
<var name="${review}">This place was awesome. They have great service and the guides are very cool. They offer pick up and drop off to your location.</var>
<status status="PASS" start="2025-05-19T17:30:12.109301" elapsed="0.001999"/>
</iter>
<iter>
<kw name="Append To File" owner="OperatingSystem">
<msg time="2025-05-19T17:30:12.113314" level="INFO" html="true">Appended to file '&lt;a href="file://C:\Users\Henry\Documents\RobotFrameworkProject\Robotframework-Project\review_texts\desert_explorers_reviews.txt"&gt;C:\Users\Henry\Documents\RobotFrameworkProject\Robotframework-Project\review_texts\desert_explorers_reviews.txt&lt;/a&gt;'.</msg>
<arg>${file}</arg>
<arg>${review}\n---\n</arg>
<doc>Appends the given content to the specified file.</doc>
<status status="PASS" start="2025-05-19T17:30:12.111300" elapsed="0.002014"/>
</kw>
<var name="${review}">What an experience! I enjoyed camel ride with the best guide ever Rodney. I highly recommend this activity</var>
<status status="PASS" start="2025-05-19T17:30:12.111300" elapsed="0.002014"/>
</iter>
<iter>
<kw name="Append To File" owner="OperatingSystem">
<msg time="2025-05-19T17:30:12.153298" level="INFO" html="true">Appended to file '&lt;a href="file://C:\Users\Henry\Documents\RobotFrameworkProject\Robotframework-Project\review_texts\desert_explorers_reviews.txt"&gt;C:\Users\Henry\Documents\RobotFrameworkProject\Robotframework-Project\review_texts\desert_explorers_reviews.txt&lt;/a&gt;'.</msg>
<arg>${file}</arg>
<arg>${review}\n---\n</arg>
<doc>Appends the given content to the specified file.</doc>
<status status="PASS" start="2025-05-19T17:30:12.113314" elapsed="0.039984"/>
</kw>
<var name="${review}">Perfect location at the edge of Swakopmund to get right into the dunes.
Excellent service and proffessionalism. Loads of activities, and even a few parrots you can meet and greet and put them on your ...</var>
<status status="PASS" start="2025-05-19T17:30:12.113314" elapsed="0.039984"/>
</iter>
<iter>
<kw name="Append To File" owner="OperatingSystem">
<msg time="2025-05-19T17:30:12.155300" level="INFO" html="true">Appended to file '&lt;a href="file://C:\Users\Henry\Documents\RobotFrameworkProject\Robotframework-Project\review_texts\desert_explorers_reviews.txt"&gt;C:\Users\Henry\Documents\RobotFrameworkProject\Robotframework-Project\review_texts\desert_explorers_reviews.txt&lt;/a&gt;'.</msg>
<arg>${file}</arg>
<arg>${review}\n---\n</arg>
<doc>Appends the given content to the specified file.</doc>
<status status="PASS" start="2025-05-19T17:30:12.154299" elapsed="0.001001"/>
</kw>
<var name="${review}">Very friendly welcome and professional approach to the safety of their customers. Thank you Luke, for your guidance during our trip through the desert! Awesome experience!</var>
<status status="PASS" start="2025-05-19T17:30:12.153298" elapsed="0.002002"/>
</iter>
<iter>
<kw name="Append To File" owner="OperatingSystem">
<msg time="2025-05-19T17:30:12.158298" level="INFO" html="true">Appended to file '&lt;a href="file://C:\Users\Henry\Documents\RobotFrameworkProject\Robotframework-Project\review_texts\desert_explorers_reviews.txt"&gt;C:\Users\Henry\Documents\RobotFrameworkProject\Robotframework-Project\review_texts\desert_explorers_reviews.txt&lt;/a&gt;'.</msg>
<arg>${file}</arg>
<arg>${review}\n---\n</arg>
<doc>Appends the given content to the specified file.</doc>
<status status="PASS" start="2025-05-19T17:30:12.155300" elapsed="0.002998"/>
</kw>
<var name="${review}">I had a great day out with Simon on the Quad Bikes, good fun.</var>
<status status="PASS" start="2025-05-19T17:30:12.155300" elapsed="0.004000"/>
</iter>
<iter>
<kw name="Append To File" owner="OperatingSystem">
<msg time="2025-05-19T17:30:12.165302" level="INFO" html="true">Appended to file '&lt;a href="file://C:\Users\Henry\Documents\RobotFrameworkProject\Robotframework-Project\review_texts\desert_explorers_reviews.txt"&gt;C:\Users\Henry\Documents\RobotFrameworkProject\Robotframework-Project\review_texts\desert_explorers_reviews.txt&lt;/a&gt;'.</msg>
<arg>${file}</arg>
<arg>${review}\n---\n</arg>
<doc>Appends the given content to the specified file.</doc>
<status status="PASS" start="2025-05-19T17:30:12.159300" elapsed="0.007999"/>
</kw>
<var name="${review}">We did the combo quad driving and sandboarding. It was a unforgettable experience. Thanks to our guide Lazarus, who speaks one of Namibia tribal languages!</var>
<status status="PASS" start="2025-05-19T17:30:12.159300" elapsed="0.007999"/>
</iter>
<iter>
<kw name="Append To File" owner="OperatingSystem">
<msg time="2025-05-19T17:30:12.188298" level="INFO" html="true">Appended to file '&lt;a href="file://C:\Users\Henry\Documents\RobotFrameworkProject\Robotframework-Project\review_texts\desert_explorers_reviews.txt"&gt;C:\Users\Henry\Documents\RobotFrameworkProject\Robotframework-Project\review_texts\desert_explorers_reviews.txt&lt;/a&gt;'.</msg>
<arg>${file}</arg>
<arg>${review}\n---\n</arg>
<doc>Appends the given content to the specified file.</doc>
<status status="PASS" start="2025-05-19T17:30:12.168300" elapsed="0.019998"/>
</kw>
<var name="${review}">The best customer service is offered here, I didn't  really enjoy the ride because of the kids but... this place is the best, yall got try visiting it</var>
<status status="PASS" start="2025-05-19T17:30:12.168300" elapsed="0.020999"/>
</iter>
<iter>
<kw name="Append To File" owner="OperatingSystem">
<msg time="2025-05-19T17:30:12.192298" level="INFO" html="true">Appended to file '&lt;a href="file://C:\Users\Henry\Documents\RobotFrameworkProject\Robotframework-Project\review_texts\desert_explorers_reviews.txt"&gt;C:\Users\Henry\Documents\RobotFrameworkProject\Robotframework-Project\review_texts\desert_explorers_reviews.txt&lt;/a&gt;'.</msg>
<arg>${file}</arg>
<arg>${review}\n---\n</arg>
<doc>Appends the given content to the specified file.</doc>
<status status="PASS" start="2025-05-19T17:30:12.189299" elapsed="0.004001"/>
</kw>
<var name="${review}">We did the camel rides and the living desert quad bike ride. What a great experience!</var>
<status status="PASS" start="2025-05-19T17:30:12.189299" elapsed="0.004001"/>
</iter>
<iter>
<kw name="Append To File" owner="OperatingSystem">
<msg time="2025-05-19T17:30:12.220299" level="INFO" html="true">Appended to file '&lt;a href="file://C:\Users\Henry\Documents\RobotFrameworkProject\Robotframework-Project\review_texts\desert_explorers_reviews.txt"&gt;C:\Users\Henry\Documents\RobotFrameworkProject\Robotframework-Project\review_texts\desert_explorers_reviews.txt&lt;/a&gt;'.</msg>
<arg>${file}</arg>
<arg>${review}\n---\n</arg>
<doc>Appends the given content to the specified file.</doc>
<status status="PASS" start="2025-05-19T17:30:12.194298" elapsed="0.026001"/>
</kw>
<var name="${review}">We booked a 90 min quad tour, which was absolut fun. Proper quads, excellent guiding and stunning landscape (dunes). Clear recommendation!</var>
<status status="PASS" start="2025-05-19T17:30:12.194298" elapsed="0.026001"/>
</iter>
<iter>
<kw name="Append To File" owner="OperatingSystem">
<msg time="2025-05-19T17:30:12.223301" level="INFO" html="true">Appended to file '&lt;a href="file://C:\Users\Henry\Documents\RobotFrameworkProject\Robotframework-Project\review_texts\desert_explorers_reviews.txt"&gt;C:\Users\Henry\Documents\RobotFrameworkProject\Robotframework-Project\review_texts\desert_explorers_reviews.txt&lt;/a&gt;'.</msg>
<arg>${file}</arg>
<arg>${review}\n---\n</arg>
<doc>Appends the given content to the specified file.</doc>
<status status="PASS" start="2025-05-19T17:30:12.221299" elapsed="0.002002"/>
</kw>
<var name="${review}">Wow I loved the camel ride on the desert, it great experience. I can go back there any chance I get.</var>
<status status="PASS" start="2025-05-19T17:30:12.220299" elapsed="0.003002"/>
</iter>
<iter>
<kw name="Append To File" owner="OperatingSystem">
<msg time="2025-05-19T17:30:12.226300" level="INFO" html="true">Appended to file '&lt;a href="file://C:\Users\Henry\Documents\RobotFrameworkProject\Robotframework-Project\review_texts\desert_explorers_reviews.txt"&gt;C:\Users\Henry\Documents\RobotFrameworkProject\Robotframework-Project\review_texts\desert_explorers_reviews.txt&lt;/a&gt;'.</msg>
<arg>${file}</arg>
<arg>${review}\n---\n</arg>
<doc>Appends the given content to the specified file.</doc>
<status status="PASS" start="2025-05-19T17:30:12.224300" elapsed="0.002000"/>
</kw>
<var name="${review}">Well run organisation.  We did 90 minutes of quad biking and it was an excellent experience with plenty of safety. We went a long way into the desert and the guide made sure we went at a pace that sui...</var>
<status status="PASS" start="2025-05-19T17:30:12.224300" elapsed="0.002000"/>
</iter>
<iter>
<kw name="Append To File" owner="OperatingSystem">
<msg time="2025-05-19T17:30:12.228299" level="INFO" html="true">Appended to file '&lt;a href="file://C:\Users\Henry\Documents\RobotFrameworkProject\Robotframework-Project\review_texts\desert_explorers_reviews.txt"&gt;C:\Users\Henry\Documents\RobotFrameworkProject\Robotframework-Project\review_texts\desert_explorers_reviews.txt&lt;/a&gt;'.</msg>
<arg>${file}</arg>
<arg>${review}\n---\n</arg>
<doc>Appends the given content to the specified file.</doc>
<status status="PASS" start="2025-05-19T17:30:12.227299" elapsed="0.002001"/>
</kw>
<var name="${review}">Wow,this was the highlight of our roadtrip to Namibia,  I mean why would you fo to Namibia and not ride the camel or quad bike to the sand dunes,please visit Namibia just fir these</var>
<status status="PASS" start="2025-05-19T17:30:12.227299" elapsed="0.002001"/>
</iter>
<var>${review}</var>
<value>@{reviews}</value>
<status status="PASS" start="2025-05-19T17:30:11.644300" elapsed="0.585000"/>
</for>
<kw name="Capture Page Screenshot" owner="SeleniumLibrary">
<msg time="2025-05-19T17:30:12.469298" level="INFO" html="true">&lt;/td&gt;&lt;/tr&gt;&lt;tr&gt;&lt;td colspan="3"&gt;&lt;a href="review_screenshots/desert_explorers_reviews.png"&gt;&lt;img src="review_screenshots/desert_explorers_reviews.png" width="800px"&gt;&lt;/a&gt;</msg>
<arg>review_screenshots/desert_explorers_reviews.png</arg>
<doc>Takes a screenshot of the current page and embeds it into a log file.</doc>
<status status="PASS" start="2025-05-19T17:30:12.231300" elapsed="0.237998"/>
</kw>
<kw name="Run Keyword" owner="BuiltIn">
<kw name="Summarize Desert Explorers Adventure Centre Reviews With Gemini Test">
<kw name="Run Process" owner="Process">
<msg time="2025-05-19T17:30:12.472298" level="INFO">Starting process:
python summarize_reviews_with_file.py review_texts/desert_explorers_reviews.txt</msg>
<msg time="2025-05-19T17:30:12.534299" level="INFO">Waiting for process to complete.</msg>
<msg time="2025-05-19T17:30:20.667160" level="INFO">Process completed.</msg>
<msg time="2025-05-19T17:30:20.667160" level="INFO">${output} = &lt;result object with rc 0&gt;</msg>
<var>${output}</var>
<arg>python</arg>
<arg>summarize_reviews_with_file.py</arg>
<arg>review_texts/desert_explorers_reviews.txt</arg>
<arg>shell=True</arg>
<arg>stdout=PIPE</arg>
<arg>stderr=PIPE</arg>
<doc>Runs a process and waits for it to complete.</doc>
<status status="PASS" start="2025-05-19T17:30:12.471300" elapsed="8.195860"/>
</kw>
<kw name="Log" owner="BuiltIn">
<msg time="2025-05-19T17:30:20.682170" level="INFO">===== GEMINI STDOUT =====

===== SUMMARY =====

Good Points:
- Friendly and helpful staff / great service (35)
- Great fun / amazing experience / highlight of the trip (33)
- Good guides who are knowledgeable and professional (29)
- Well organized / efficient (8)
- Quad biking is a great activity (25)
- Camel riding is a great experience (10)
- Good value for money / reasonable prices (3)
- Sandboarding is fun / exhilarating (11)
- Beautiful scenery / views (8)
- Felt safe (3)
- Easy to book (2)
- Pick up and drop off from hotel (4)

Bad Points:
- Bathrooms lack privacy (1)
- Camel ride can be shorter during busy season (2)
- Quad bikes can be old and cut out (1)
- Long wait times (3)
- Inconsistent email response for booking (1)
- Guide suggested a tip amount (1)
- Uncomfortable camel saddles (3)
- Single rider surcharge not advertised properly (1)
- Sandboarding requires climbing the dunes (1)

Review Grade: 4.6 / 5 stars
</msg>
<arg>===== GEMINI STDOUT =====\n${output.stdout}</arg>
<doc>Logs the given message with the given level.</doc>
<status status="PASS" start="2025-05-19T17:30:20.668163" elapsed="0.014996"/>
</kw>
<kw name="Log" owner="BuiltIn">
<msg time="2025-05-19T17:30:20.684199" level="INFO">===== GEMINI STDERR =====

===== SUMMARY =====

Good Points:
- Friendly and helpful staff / great service (35)
- Great fun / amazing experience / highlight of the trip (33)
- Good guides who are knowledgeable and professional (29)
- Well organized / efficient (8)
- Quad biking is a great activity (25)
- Camel riding is a great experience (10)
- Good value for money / reasonable prices (3)
- Sandboarding is fun / exhilarating (11)
- Beautiful scenery / views (8)
- Felt safe (3)
- Easy to book (2)
- Pick up and drop off from hotel (4)

Bad Points:
- Bathrooms lack privacy (1)
- Camel ride can be shorter during busy season (2)
- Quad bikes can be old and cut out (1)
- Long wait times (3)
- Inconsistent email response for booking (1)
- Guide suggested a tip amount (1)
- Uncomfortable camel saddles (3)
- Single rider surcharge not advertised properly (1)
- Sandboarding requires climbing the dunes (1)

Review Grade: 4.6 / 5 stars
</msg>
<arg>===== GEMINI STDERR =====\n${output.stderr}</arg>
<doc>Logs the given message with the given level.</doc>
<status status="PASS" start="2025-05-19T17:30:20.683159" elapsed="0.002003"/>
</kw>
<kw name="Should Not Contain" owner="BuiltIn">
<arg>${output.stderr}</arg>
<arg>ModuleNotFoundError</arg>
<arg>Gemini Python client is not installed. Run 'pip install google-generativeai'.</arg>
<doc>Fails if ``container`` contains ``item`` one or more times.</doc>
<status status="PASS" start="2025-05-19T17:30:20.685162" elapsed="0.001998"/>
</kw>
<kw name="Should Not Contain" owner="BuiltIn">
<arg>${output.stderr}</arg>
<arg>Traceback</arg>
<arg>Gemini script failed. See stderr above.</arg>
<doc>Fails if ``container`` contains ``item`` one or more times.</doc>
<status status="PASS" start="2025-05-19T17:30:20.687160" elapsed="0.001001"/>
</kw>
<kw name="Set Variable" owner="BuiltIn">
<msg time="2025-05-19T17:30:20.688161" level="INFO">${summary_file} = review_summaries/desert_explorers_reviews_gemini_summary.txt</msg>
<var>${summary_file}</var>
<arg>review_summaries/desert_explorers_reviews_gemini_summary.txt</arg>
<doc>Returns the given values which can then be assigned to a variables.</doc>
<status status="PASS" start="2025-05-19T17:30:20.688161" elapsed="0.000000"/>
</kw>
<kw name="Create File" owner="OperatingSystem">
<msg time="2025-05-19T17:30:20.693162" level="INFO" html="true">Created file '&lt;a href="file://C:\Users\Henry\Documents\RobotFrameworkProject\Robotframework-Project\review_summaries\desert_explorers_reviews_gemini_summary.txt"&gt;C:\Users\Henry\Documents\RobotFrameworkProject\Robotframework-Project\review_summaries\desert_explorers_reviews_gemini_summary.txt&lt;/a&gt;'.</msg>
<arg>${summary_file}</arg>
<arg>${output.stdout}</arg>
<doc>Creates a file with the given content and encoding.</doc>
<status status="PASS" start="2025-05-19T17:30:20.689197" elapsed="0.003965"/>
</kw>
<doc>Calls the Gemini AI summary keyword and logs the result for Desert Explorers Adventure Centre.</doc>
<status status="PASS" start="2025-05-19T17:30:12.471300" elapsed="8.222860"/>
</kw>
<arg>Summarize Desert Explorers Adventure Centre Reviews With Gemini Test</arg>
<doc>Executes the given keyword with the given arguments.</doc>
<status status="PASS" start="2025-05-19T17:30:12.470299" elapsed="8.223861"/>
</kw>
<kw name="Close Browser" owner="SeleniumLibrary" type="TEARDOWN">
<doc>Closes the current browser.</doc>
<status status="PASS" start="2025-05-19T17:30:20.696160" elapsed="2.830878"/>
</kw>
<doc>Extracts as many review comments as possible for Desert Explorers Adventure Centre from Google Maps by scrolling the reviews section and saving them to a file.</doc>
<status status="PASS" start="2025-05-19T17:29:20.328296" elapsed="63.199741"/>
</test>
<status status="PASS" start="2025-05-19T17:29:18.933903" elapsed="64.597137"/>
</suite>
<statistics>
<total>
<stat pass="1" fail="0" skip="0">All Tests</stat>
</total>
<tag>
</tag>
<suite>
<stat name="Swakopmund Attractions" id="s1" pass="1" fail="0" skip="0">Swakopmund Attractions</stat>
</suite>
</statistics>
<errors>
</errors>
</robot>
